mar 10, 2015 3:45:09 AM org.apache.coyote.AbstractProtocol pause
INFORMACIÓN: Pausing ProtocolHandler ["http-bio-8080"]
mar 10, 2015 3:45:09 AM org.apache.coyote.AbstractProtocol pause
INFORMACIÓN: Pausing ProtocolHandler ["ajp-bio-8009"]
mar 10, 2015 3:45:09 AM org.apache.catalina.core.StandardService stopInternal
INFORMACIÓN: Parando servicio Catalina
mar 10, 2015 3:45:09 AM org.apache.catalina.loader.WebappClassLoader checkThreadLocalMapForLeaks
GRAVE: La aplicación web [/axis2] creó un ThreadLocal con clave del tipo [org.apache.axiom.util.UIDGenerator$1] (valor [org.apache.axiom.util.UIDGenerator$1@1c0d5408]) y un valor del tipo [long[]] (valor [[J@2f07e79b]) pero no pudo quitarlo cuando la aplicación web se paró. Los hilos se van a renovar con el tiempo para intentar evitar in posible fallo de memoria.
mar 10, 2015 3:45:09 AM org.apache.catalina.loader.WebappClassLoader checkThreadLocalMapForLeaks
GRAVE: La aplicación web [/axis2] creó un ThreadLocal con clave del tipo [org.apache.axiom.util.UIDGenerator$1] (valor [org.apache.axiom.util.UIDGenerator$1@1c0d5408]) y un valor del tipo [long[]] (valor [[J@62abdabd]) pero no pudo quitarlo cuando la aplicación web se paró. Los hilos se van a renovar con el tiempo para intentar evitar in posible fallo de memoria.
mar 10, 2015 3:45:09 AM org.apache.catalina.loader.WebappClassLoader checkThreadLocalMapForLeaks
GRAVE: La aplicación web [/axis2] creó un ThreadLocal con clave del tipo [org.apache.axiom.util.UIDGenerator$1] (valor [org.apache.axiom.util.UIDGenerator$1@1c0d5408]) y un valor del tipo [long[]] (valor [[J@a5e0e7]) pero no pudo quitarlo cuando la aplicación web se paró. Los hilos se van a renovar con el tiempo para intentar evitar in posible fallo de memoria.
mar 10, 2015 3:45:09 AM org.apache.coyote.AbstractProtocol stop
INFORMACIÓN: Stopping ProtocolHandler ["http-bio-8080"]
mar 10, 2015 3:45:09 AM org.apache.coyote.AbstractProtocol stop
INFORMACIÓN: Stopping ProtocolHandler ["ajp-bio-8009"]
mar 10, 2015 3:45:09 AM org.apache.coyote.AbstractProtocol destroy
INFORMACIÓN: Destroying ProtocolHandler ["http-bio-8080"]
mar 10, 2015 3:45:09 AM org.apache.coyote.AbstractProtocol destroy
INFORMACIÓN: Destroying ProtocolHandler ["ajp-bio-8009"]
mar 10, 2015 3:46:06 AM org.apache.catalina.startup.VersionLoggerListener log
INFORMACIÓN: Server version:        Apache Tomcat/7.0.59
mar 10, 2015 3:46:06 AM org.apache.catalina.startup.VersionLoggerListener log
INFORMACIÓN: Server built:          Jan 28 2015 15:51:10 UTC
mar 10, 2015 3:46:06 AM org.apache.catalina.startup.VersionLoggerListener log
INFORMACIÓN: Server number:         7.0.59.0
mar 10, 2015 3:46:06 AM org.apache.catalina.startup.VersionLoggerListener log
INFORMACIÓN: OS Name:               Windows 7
mar 10, 2015 3:46:06 AM org.apache.catalina.startup.VersionLoggerListener log
INFORMACIÓN: OS Version:            6.1
mar 10, 2015 3:46:06 AM org.apache.catalina.startup.VersionLoggerListener log
INFORMACIÓN: Architecture:          amd64
mar 10, 2015 3:46:06 AM org.apache.catalina.startup.VersionLoggerListener log
INFORMACIÓN: Java Home:             C:\Program Files\Java\jre7
mar 10, 2015 3:46:06 AM org.apache.catalina.startup.VersionLoggerListener log
INFORMACIÓN: JVM Version:           1.7.0_75-b13
mar 10, 2015 3:46:06 AM org.apache.catalina.startup.VersionLoggerListener log
INFORMACIÓN: JVM Vendor:            Oracle Corporation
mar 10, 2015 3:46:06 AM org.apache.catalina.startup.VersionLoggerListener log
INFORMACIÓN: CATALINA_BASE:         C:\Users\Isabel\Desktop\AST2\Tomcat_axis2
mar 10, 2015 3:46:06 AM org.apache.catalina.startup.VersionLoggerListener log
INFORMACIÓN: CATALINA_HOME:         C:\Users\Isabel\Desktop\AST2\Tomcat_axis2
mar 10, 2015 3:46:06 AM org.apache.catalina.startup.VersionLoggerListener log
INFORMACIÓN: Command line argument: -Djava.util.logging.config.file=C:\Users\Isabel\Desktop\AST2\Tomcat_axis2\conf\logging.properties
mar 10, 2015 3:46:06 AM org.apache.catalina.startup.VersionLoggerListener log
INFORMACIÓN: Command line argument: -Djava.util.logging.manager=org.apache.juli.ClassLoaderLogManager
mar 10, 2015 3:46:06 AM org.apache.catalina.startup.VersionLoggerListener log
INFORMACIÓN: Command line argument: -Djava.endorsed.dirs=C:\Users\Isabel\Desktop\AST2\Tomcat_axis2\endorsed
mar 10, 2015 3:46:06 AM org.apache.catalina.startup.VersionLoggerListener log
INFORMACIÓN: Command line argument: -Dcatalina.base=C:\Users\Isabel\Desktop\AST2\Tomcat_axis2
mar 10, 2015 3:46:06 AM org.apache.catalina.startup.VersionLoggerListener log
INFORMACIÓN: Command line argument: -Dcatalina.home=C:\Users\Isabel\Desktop\AST2\Tomcat_axis2
mar 10, 2015 3:46:06 AM org.apache.catalina.startup.VersionLoggerListener log
INFORMACIÓN: Command line argument: -Djava.io.tmpdir=C:\Users\Isabel\Desktop\AST2\Tomcat_axis2\temp
mar 10, 2015 3:46:06 AM org.apache.catalina.core.AprLifecycleListener lifecycleEvent
INFORMACIÓN: La biblioteca nativa de Apache Tomcat basada en ARP que permite un rendimiento óptimo en entornos de desarrollo no ha sido hallada en java.library.path: C:\Program Files\Java\jre7\bin;C:\Windows\Sun\Java\bin;C:\Windows\system32;C:\Windows;C:\Windows\system32;C:\Windows;C:\Windows\System32\Wbem;C:\Windows\System32\WindowsPowerShell\v1.0\;C:\Users\Isabel\Desktop\apache-ant-1.9.4\bin; C:\Program Files\Java\jdk1.7.0_75\bin;.
mar 10, 2015 3:46:07 AM org.apache.coyote.AbstractProtocol init
INFORMACIÓN: Initializing ProtocolHandler ["http-bio-8080"]
mar 10, 2015 3:46:07 AM org.apache.coyote.AbstractProtocol init
INFORMACIÓN: Initializing ProtocolHandler ["ajp-bio-8009"]
mar 10, 2015 3:46:07 AM org.apache.catalina.startup.Catalina load
INFORMACIÓN: Initialization processed in 1261 ms
mar 10, 2015 3:46:07 AM org.apache.catalina.core.StandardService startInternal
INFORMACIÓN: Arrancando servicio Catalina
mar 10, 2015 3:46:07 AM org.apache.catalina.core.StandardEngine startInternal
INFORMACIÓN: Starting Servlet Engine: Apache Tomcat/7.0.59
mar 10, 2015 3:46:07 AM org.apache.catalina.startup.HostConfig deployWAR
INFORMACIÓN: Despliegue del archivo C:\Users\Isabel\Desktop\AST2\Tomcat_axis2\webapps\axis2.war de la aplicación web
mar 10, 2015 3:46:14 AM org.apache.catalina.startup.HostConfig deployWAR
INFORMACIÓN: Deployment of web application archive C:\Users\Isabel\Desktop\AST2\Tomcat_axis2\webapps\axis2.war has finished in 7.394 ms
mar 10, 2015 3:46:14 AM org.apache.catalina.startup.HostConfig deployDirectory
INFORMACIÓN: Despliegue del directorio C:\Users\Isabel\Desktop\AST2\Tomcat_axis2\webapps\docs de la aplicación web
mar 10, 2015 3:46:14 AM org.apache.catalina.startup.HostConfig deployDirectory
INFORMACIÓN: Deployment of web application directory C:\Users\Isabel\Desktop\AST2\Tomcat_axis2\webapps\docs has finished in 210 ms
mar 10, 2015 3:46:14 AM org.apache.catalina.startup.HostConfig deployDirectory
INFORMACIÓN: Despliegue del directorio C:\Users\Isabel\Desktop\AST2\Tomcat_axis2\webapps\examples de la aplicación web
mar 10, 2015 3:46:16 AM org.apache.catalina.startup.HostConfig deployDirectory
INFORMACIÓN: Deployment of web application directory C:\Users\Isabel\Desktop\AST2\Tomcat_axis2\webapps\examples has finished in 1.719 ms
mar 10, 2015 3:46:16 AM org.apache.catalina.startup.HostConfig deployDirectory
INFORMACIÓN: Despliegue del directorio C:\Users\Isabel\Desktop\AST2\Tomcat_axis2\webapps\host-manager de la aplicación web
mar 10, 2015 3:46:16 AM org.apache.catalina.startup.HostConfig deployDirectory
INFORMACIÓN: Deployment of web application directory C:\Users\Isabel\Desktop\AST2\Tomcat_axis2\webapps\host-manager has finished in 127 ms
mar 10, 2015 3:46:16 AM org.apache.catalina.startup.HostConfig deployDirectory
INFORMACIÓN: Despliegue del directorio C:\Users\Isabel\Desktop\AST2\Tomcat_axis2\webapps\manager de la aplicación web
mar 10, 2015 3:46:16 AM org.apache.catalina.startup.HostConfig deployDirectory
INFORMACIÓN: Deployment of web application directory C:\Users\Isabel\Desktop\AST2\Tomcat_axis2\webapps\manager has finished in 117 ms
mar 10, 2015 3:46:16 AM org.apache.catalina.startup.HostConfig deployDirectory
INFORMACIÓN: Despliegue del directorio C:\Users\Isabel\Desktop\AST2\Tomcat_axis2\webapps\ROOT de la aplicación web
mar 10, 2015 3:46:17 AM org.apache.catalina.startup.HostConfig deployDirectory
INFORMACIÓN: Deployment of web application directory C:\Users\Isabel\Desktop\AST2\Tomcat_axis2\webapps\ROOT has finished in 127 ms
mar 10, 2015 3:46:17 AM org.apache.coyote.AbstractProtocol start
INFORMACIÓN: Starting ProtocolHandler ["http-bio-8080"]
mar 10, 2015 3:46:17 AM org.apache.coyote.AbstractProtocol start
INFORMACIÓN: Starting ProtocolHandler ["ajp-bio-8009"]
mar 10, 2015 3:46:17 AM org.apache.catalina.startup.Catalina start
INFORMACIÓN: Server startup in 9892 ms
