mar 04, 2015 10:37:22 PM org.apache.catalina.startup.VersionLoggerListener log
INFORMACIÓN: Server version:        Apache Tomcat/7.0.59
mar 04, 2015 10:37:22 PM org.apache.catalina.startup.VersionLoggerListener log
INFORMACIÓN: Server built:          Jan 28 2015 15:51:10 UTC
mar 04, 2015 10:37:22 PM org.apache.catalina.startup.VersionLoggerListener log
INFORMACIÓN: Server number:         7.0.59.0
mar 04, 2015 10:37:22 PM org.apache.catalina.startup.VersionLoggerListener log
INFORMACIÓN: OS Name:               Windows 7
mar 04, 2015 10:37:22 PM org.apache.catalina.startup.VersionLoggerListener log
INFORMACIÓN: OS Version:            6.1
mar 04, 2015 10:37:22 PM org.apache.catalina.startup.VersionLoggerListener log
INFORMACIÓN: Architecture:          amd64
mar 04, 2015 10:37:22 PM org.apache.catalina.startup.VersionLoggerListener log
INFORMACIÓN: Java Home:             C:\Program Files\Java\jre7
mar 04, 2015 10:37:22 PM org.apache.catalina.startup.VersionLoggerListener log
INFORMACIÓN: JVM Version:           1.7.0_75-b13
mar 04, 2015 10:37:22 PM org.apache.catalina.startup.VersionLoggerListener log
INFORMACIÓN: JVM Vendor:            Oracle Corporation
mar 04, 2015 10:37:22 PM org.apache.catalina.startup.VersionLoggerListener log
INFORMACIÓN: CATALINA_BASE:         C:\Users\Isabel\Desktop\AST_PR2\AST1_apache-tomcat-7.0.59apache-tomcat-7.0.59
mar 04, 2015 10:37:22 PM org.apache.catalina.startup.VersionLoggerListener log
INFORMACIÓN: CATALINA_HOME:         C:\Users\Isabel\Desktop\AST_PR2\AST1_apache-tomcat-7.0.59apache-tomcat-7.0.59
mar 04, 2015 10:37:22 PM org.apache.catalina.startup.VersionLoggerListener log
INFORMACIÓN: Command line argument: -Djava.util.logging.config.file=C:\Users\Isabel\Desktop\AST_PR2\AST1_apache-tomcat-7.0.59apache-tomcat-7.0.59\conf\logging.properties
mar 04, 2015 10:37:22 PM org.apache.catalina.startup.VersionLoggerListener log
INFORMACIÓN: Command line argument: -Djava.util.logging.manager=org.apache.juli.ClassLoaderLogManager
mar 04, 2015 10:37:22 PM org.apache.catalina.startup.VersionLoggerListener log
INFORMACIÓN: Command line argument: -Djava.endorsed.dirs=C:\Users\Isabel\Desktop\AST_PR2\AST1_apache-tomcat-7.0.59apache-tomcat-7.0.59\endorsed
mar 04, 2015 10:37:22 PM org.apache.catalina.startup.VersionLoggerListener log
INFORMACIÓN: Command line argument: -Dcatalina.base=C:\Users\Isabel\Desktop\AST_PR2\AST1_apache-tomcat-7.0.59apache-tomcat-7.0.59
mar 04, 2015 10:37:22 PM org.apache.catalina.startup.VersionLoggerListener log
INFORMACIÓN: Command line argument: -Dcatalina.home=C:\Users\Isabel\Desktop\AST_PR2\AST1_apache-tomcat-7.0.59apache-tomcat-7.0.59
mar 04, 2015 10:37:22 PM org.apache.catalina.startup.VersionLoggerListener log
INFORMACIÓN: Command line argument: -Djava.io.tmpdir=C:\Users\Isabel\Desktop\AST_PR2\AST1_apache-tomcat-7.0.59apache-tomcat-7.0.59\temp
mar 04, 2015 10:37:22 PM org.apache.catalina.core.AprLifecycleListener lifecycleEvent
INFORMACIÓN: La biblioteca nativa de Apache Tomcat basada en ARP que permite un rendimiento óptimo en entornos de desarrollo no ha sido hallada en java.library.path: C:\Program Files\Java\jre7\bin;C:\Windows\Sun\Java\bin;C:\Windows\system32;C:\Windows;C:\Windows\system32;C:\Windows;C:\Windows\System32\Wbem;C:\Windows\System32\WindowsPowerShell\v1.0\;C:\Users\Isabel\Desktop\apache-ant-1.9.4\bin; C:\Program Files\Java\jdk1.8.0_25\bin;.
mar 04, 2015 10:37:22 PM org.apache.coyote.AbstractProtocol init
INFORMACIÓN: Initializing ProtocolHandler ["http-bio-8080"]
mar 04, 2015 10:37:22 PM org.apache.coyote.AbstractProtocol init
INFORMACIÓN: Initializing ProtocolHandler ["ajp-bio-8009"]
mar 04, 2015 10:37:22 PM org.apache.catalina.startup.Catalina load
INFORMACIÓN: Initialization processed in 1470 ms
mar 04, 2015 10:37:22 PM org.apache.catalina.core.StandardService startInternal
INFORMACIÓN: Arrancando servicio Catalina
mar 04, 2015 10:37:22 PM org.apache.catalina.core.StandardEngine startInternal
INFORMACIÓN: Starting Servlet Engine: Apache Tomcat/7.0.59
mar 04, 2015 10:37:22 PM org.apache.catalina.startup.HostConfig deployWAR
INFORMACIÓN: Despliegue del archivo C:\Users\Isabel\Desktop\AST_PR2\AST1_apache-tomcat-7.0.59apache-tomcat-7.0.59\webapps\axis2.war de la aplicación web
mar 04, 2015 10:37:31 PM org.apache.catalina.util.SessionIdGeneratorBase createSecureRandom
INFORMACIÓN: Creation of SecureRandom instance for session ID generation using [SHA1PRNG] took [161] milliseconds.
mar 04, 2015 10:37:32 PM org.apache.catalina.startup.HostConfig deployWAR
INFORMACIÓN: Deployment of web application archive C:\Users\Isabel\Desktop\AST_PR2\AST1_apache-tomcat-7.0.59apache-tomcat-7.0.59\webapps\axis2.war has finished in 10.001 ms
mar 04, 2015 10:37:32 PM org.apache.catalina.startup.HostConfig deployDirectory
INFORMACIÓN: Despliegue del directorio C:\Users\Isabel\Desktop\AST_PR2\AST1_apache-tomcat-7.0.59apache-tomcat-7.0.59\webapps\docs de la aplicación web
mar 04, 2015 10:37:32 PM org.apache.catalina.startup.HostConfig deployDirectory
INFORMACIÓN: Deployment of web application directory C:\Users\Isabel\Desktop\AST_PR2\AST1_apache-tomcat-7.0.59apache-tomcat-7.0.59\webapps\docs has finished in 145 ms
mar 04, 2015 10:37:32 PM org.apache.catalina.startup.HostConfig deployDirectory
INFORMACIÓN: Despliegue del directorio C:\Users\Isabel\Desktop\AST_PR2\AST1_apache-tomcat-7.0.59apache-tomcat-7.0.59\webapps\examples de la aplicación web
mar 04, 2015 10:37:33 PM org.apache.catalina.startup.HostConfig deployDirectory
INFORMACIÓN: Deployment of web application directory C:\Users\Isabel\Desktop\AST_PR2\AST1_apache-tomcat-7.0.59apache-tomcat-7.0.59\webapps\examples has finished in 786 ms
mar 04, 2015 10:37:33 PM org.apache.catalina.startup.HostConfig deployDirectory
INFORMACIÓN: Despliegue del directorio C:\Users\Isabel\Desktop\AST_PR2\AST1_apache-tomcat-7.0.59apache-tomcat-7.0.59\webapps\host-manager de la aplicación web
mar 04, 2015 10:37:33 PM org.apache.catalina.startup.HostConfig deployDirectory
INFORMACIÓN: Deployment of web application directory C:\Users\Isabel\Desktop\AST_PR2\AST1_apache-tomcat-7.0.59apache-tomcat-7.0.59\webapps\host-manager has finished in 135 ms
mar 04, 2015 10:37:33 PM org.apache.catalina.startup.HostConfig deployDirectory
INFORMACIÓN: Despliegue del directorio C:\Users\Isabel\Desktop\AST_PR2\AST1_apache-tomcat-7.0.59apache-tomcat-7.0.59\webapps\manager de la aplicación web
mar 04, 2015 10:37:33 PM org.apache.catalina.startup.HostConfig deployDirectory
INFORMACIÓN: Deployment of web application directory C:\Users\Isabel\Desktop\AST_PR2\AST1_apache-tomcat-7.0.59apache-tomcat-7.0.59\webapps\manager has finished in 118 ms
mar 04, 2015 10:37:33 PM org.apache.catalina.startup.HostConfig deployDirectory
INFORMACIÓN: Despliegue del directorio C:\Users\Isabel\Desktop\AST_PR2\AST1_apache-tomcat-7.0.59apache-tomcat-7.0.59\webapps\ROOT de la aplicación web
mar 04, 2015 10:37:33 PM org.apache.catalina.startup.HostConfig deployDirectory
INFORMACIÓN: Deployment of web application directory C:\Users\Isabel\Desktop\AST_PR2\AST1_apache-tomcat-7.0.59apache-tomcat-7.0.59\webapps\ROOT has finished in 100 ms
mar 04, 2015 10:37:33 PM org.apache.coyote.AbstractProtocol start
INFORMACIÓN: Starting ProtocolHandler ["http-bio-8080"]
mar 04, 2015 10:37:34 PM org.apache.coyote.AbstractProtocol start
INFORMACIÓN: Starting ProtocolHandler ["ajp-bio-8009"]
mar 04, 2015 10:37:34 PM org.apache.catalina.startup.Catalina start
INFORMACIÓN: Server startup in 11670 ms
mar 04, 2015 10:38:47 PM org.apache.coyote.AbstractProtocol pause
INFORMACIÓN: Pausing ProtocolHandler ["http-bio-8080"]
mar 04, 2015 10:38:47 PM org.apache.coyote.AbstractProtocol pause
INFORMACIÓN: Pausing ProtocolHandler ["ajp-bio-8009"]
mar 04, 2015 10:38:47 PM org.apache.catalina.core.StandardService stopInternal
INFORMACIÓN: Parando servicio Catalina
mar 04, 2015 10:38:47 PM org.apache.catalina.loader.WebappClassLoader checkThreadLocalMapForLeaks
GRAVE: La aplicación web [/axis2] creó un ThreadLocal con clave del tipo [org.apache.axiom.util.UIDGenerator$1] (valor [org.apache.axiom.util.UIDGenerator$1@7565769f]) y un valor del tipo [long[]] (valor [[J@584efcef]) pero no pudo quitarlo cuando la aplicación web se paró. Los hilos se van a renovar con el tiempo para intentar evitar in posible fallo de memoria.
mar 04, 2015 10:38:47 PM org.apache.catalina.loader.WebappClassLoader checkThreadLocalMapForLeaks
GRAVE: La aplicación web [/axis2] creó un ThreadLocal con clave del tipo [org.apache.axiom.util.UIDGenerator$1] (valor [org.apache.axiom.util.UIDGenerator$1@7565769f]) y un valor del tipo [long[]] (valor [[J@29bfdc34]) pero no pudo quitarlo cuando la aplicación web se paró. Los hilos se van a renovar con el tiempo para intentar evitar in posible fallo de memoria.
mar 04, 2015 10:38:47 PM org.apache.coyote.AbstractProtocol stop
INFORMACIÓN: Stopping ProtocolHandler ["http-bio-8080"]
mar 04, 2015 10:38:47 PM org.apache.coyote.AbstractProtocol stop
INFORMACIÓN: Stopping ProtocolHandler ["ajp-bio-8009"]
mar 04, 2015 10:38:47 PM org.apache.coyote.AbstractProtocol destroy
INFORMACIÓN: Destroying ProtocolHandler ["http-bio-8080"]
mar 04, 2015 10:38:47 PM org.apache.coyote.AbstractProtocol destroy
INFORMACIÓN: Destroying ProtocolHandler ["ajp-bio-8009"]
mar 04, 2015 10:38:59 PM org.apache.catalina.startup.VersionLoggerListener log
INFORMACIÓN: Server version:        Apache Tomcat/7.0.59
mar 04, 2015 10:38:59 PM org.apache.catalina.startup.VersionLoggerListener log
INFORMACIÓN: Server built:          Jan 28 2015 15:51:10 UTC
mar 04, 2015 10:38:59 PM org.apache.catalina.startup.VersionLoggerListener log
INFORMACIÓN: Server number:         7.0.59.0
mar 04, 2015 10:38:59 PM org.apache.catalina.startup.VersionLoggerListener log
INFORMACIÓN: OS Name:               Windows 7
mar 04, 2015 10:38:59 PM org.apache.catalina.startup.VersionLoggerListener log
INFORMACIÓN: OS Version:            6.1
mar 04, 2015 10:38:59 PM org.apache.catalina.startup.VersionLoggerListener log
INFORMACIÓN: Architecture:          amd64
mar 04, 2015 10:38:59 PM org.apache.catalina.startup.VersionLoggerListener log
INFORMACIÓN: Java Home:             C:\Program Files\Java\jre7
mar 04, 2015 10:38:59 PM org.apache.catalina.startup.VersionLoggerListener log
INFORMACIÓN: JVM Version:           1.7.0_75-b13
mar 04, 2015 10:38:59 PM org.apache.catalina.startup.VersionLoggerListener log
INFORMACIÓN: JVM Vendor:            Oracle Corporation
mar 04, 2015 10:38:59 PM org.apache.catalina.startup.VersionLoggerListener log
INFORMACIÓN: CATALINA_BASE:         C:\Users\Isabel\Desktop\AST_PR2\AST1_apache-tomcat-7.0.59apache-tomcat-7.0.59
mar 04, 2015 10:38:59 PM org.apache.catalina.startup.VersionLoggerListener log
INFORMACIÓN: CATALINA_HOME:         C:\Users\Isabel\Desktop\AST_PR2\AST1_apache-tomcat-7.0.59apache-tomcat-7.0.59
mar 04, 2015 10:38:59 PM org.apache.catalina.startup.VersionLoggerListener log
INFORMACIÓN: Command line argument: -Djava.util.logging.config.file=C:\Users\Isabel\Desktop\AST_PR2\AST1_apache-tomcat-7.0.59apache-tomcat-7.0.59\conf\logging.properties
mar 04, 2015 10:38:59 PM org.apache.catalina.startup.VersionLoggerListener log
INFORMACIÓN: Command line argument: -Djava.util.logging.manager=org.apache.juli.ClassLoaderLogManager
mar 04, 2015 10:38:59 PM org.apache.catalina.startup.VersionLoggerListener log
INFORMACIÓN: Command line argument: -Djava.endorsed.dirs=C:\Users\Isabel\Desktop\AST_PR2\AST1_apache-tomcat-7.0.59apache-tomcat-7.0.59\endorsed
mar 04, 2015 10:38:59 PM org.apache.catalina.startup.VersionLoggerListener log
INFORMACIÓN: Command line argument: -Dcatalina.base=C:\Users\Isabel\Desktop\AST_PR2\AST1_apache-tomcat-7.0.59apache-tomcat-7.0.59
mar 04, 2015 10:38:59 PM org.apache.catalina.startup.VersionLoggerListener log
INFORMACIÓN: Command line argument: -Dcatalina.home=C:\Users\Isabel\Desktop\AST_PR2\AST1_apache-tomcat-7.0.59apache-tomcat-7.0.59
mar 04, 2015 10:38:59 PM org.apache.catalina.startup.VersionLoggerListener log
INFORMACIÓN: Command line argument: -Djava.io.tmpdir=C:\Users\Isabel\Desktop\AST_PR2\AST1_apache-tomcat-7.0.59apache-tomcat-7.0.59\temp
mar 04, 2015 10:38:59 PM org.apache.catalina.core.AprLifecycleListener lifecycleEvent
INFORMACIÓN: La biblioteca nativa de Apache Tomcat basada en ARP que permite un rendimiento óptimo en entornos de desarrollo no ha sido hallada en java.library.path: C:\Program Files\Java\jre7\bin;C:\Windows\Sun\Java\bin;C:\Windows\system32;C:\Windows;C:\Windows\system32;C:\Windows;C:\Windows\System32\Wbem;C:\Windows\System32\WindowsPowerShell\v1.0\;C:\Users\Isabel\Desktop\apache-ant-1.9.4\bin; C:\Program Files\Java\jdk1.8.0_25\bin;.
mar 04, 2015 10:38:59 PM org.apache.coyote.AbstractProtocol init
INFORMACIÓN: Initializing ProtocolHandler ["http-bio-8080"]
mar 04, 2015 10:38:59 PM org.apache.coyote.AbstractProtocol init
INFORMACIÓN: Initializing ProtocolHandler ["ajp-bio-8009"]
mar 04, 2015 10:39:00 PM org.apache.catalina.startup.Catalina load
INFORMACIÓN: Initialization processed in 1904 ms
mar 04, 2015 10:39:00 PM org.apache.catalina.core.StandardService startInternal
INFORMACIÓN: Arrancando servicio Catalina
mar 04, 2015 10:39:00 PM org.apache.catalina.core.StandardEngine startInternal
INFORMACIÓN: Starting Servlet Engine: Apache Tomcat/7.0.59
mar 04, 2015 10:39:00 PM org.apache.catalina.startup.HostConfig deployWAR
INFORMACIÓN: Despliegue del archivo C:\Users\Isabel\Desktop\AST_PR2\AST1_apache-tomcat-7.0.59apache-tomcat-7.0.59\webapps\axis2.war de la aplicación web
mar 04, 2015 10:39:05 PM org.apache.catalina.util.SessionIdGeneratorBase createSecureRandom
INFORMACIÓN: Creation of SecureRandom instance for session ID generation using [SHA1PRNG] took [162] milliseconds.
mar 04, 2015 10:39:07 PM org.apache.catalina.startup.HostConfig deployWAR
INFORMACIÓN: Deployment of web application archive C:\Users\Isabel\Desktop\AST_PR2\AST1_apache-tomcat-7.0.59apache-tomcat-7.0.59\webapps\axis2.war has finished in 7.471 ms
mar 04, 2015 10:39:07 PM org.apache.catalina.startup.HostConfig deployDirectory
INFORMACIÓN: Despliegue del directorio C:\Users\Isabel\Desktop\AST_PR2\AST1_apache-tomcat-7.0.59apache-tomcat-7.0.59\webapps\docs de la aplicación web
mar 04, 2015 10:39:07 PM org.apache.catalina.startup.HostConfig deployDirectory
INFORMACIÓN: Deployment of web application directory C:\Users\Isabel\Desktop\AST_PR2\AST1_apache-tomcat-7.0.59apache-tomcat-7.0.59\webapps\docs has finished in 88 ms
mar 04, 2015 10:39:07 PM org.apache.catalina.startup.HostConfig deployDirectory
INFORMACIÓN: Despliegue del directorio C:\Users\Isabel\Desktop\AST_PR2\AST1_apache-tomcat-7.0.59apache-tomcat-7.0.59\webapps\examples de la aplicación web
mar 04, 2015 10:39:08 PM org.apache.catalina.startup.HostConfig deployDirectory
INFORMACIÓN: Deployment of web application directory C:\Users\Isabel\Desktop\AST_PR2\AST1_apache-tomcat-7.0.59apache-tomcat-7.0.59\webapps\examples has finished in 1.002 ms
mar 04, 2015 10:39:08 PM org.apache.catalina.startup.HostConfig deployDirectory
INFORMACIÓN: Despliegue del directorio C:\Users\Isabel\Desktop\AST_PR2\AST1_apache-tomcat-7.0.59apache-tomcat-7.0.59\webapps\host-manager de la aplicación web
mar 04, 2015 10:39:08 PM org.apache.catalina.startup.HostConfig deployDirectory
INFORMACIÓN: Deployment of web application directory C:\Users\Isabel\Desktop\AST_PR2\AST1_apache-tomcat-7.0.59apache-tomcat-7.0.59\webapps\host-manager has finished in 141 ms
mar 04, 2015 10:39:08 PM org.apache.catalina.startup.HostConfig deployDirectory
INFORMACIÓN: Despliegue del directorio C:\Users\Isabel\Desktop\AST_PR2\AST1_apache-tomcat-7.0.59apache-tomcat-7.0.59\webapps\manager de la aplicación web
mar 04, 2015 10:39:09 PM org.apache.catalina.startup.HostConfig deployDirectory
INFORMACIÓN: Deployment of web application directory C:\Users\Isabel\Desktop\AST_PR2\AST1_apache-tomcat-7.0.59apache-tomcat-7.0.59\webapps\manager has finished in 132 ms
mar 04, 2015 10:39:09 PM org.apache.catalina.startup.HostConfig deployDirectory
INFORMACIÓN: Despliegue del directorio C:\Users\Isabel\Desktop\AST_PR2\AST1_apache-tomcat-7.0.59apache-tomcat-7.0.59\webapps\ROOT de la aplicación web
mar 04, 2015 10:39:09 PM org.apache.catalina.startup.HostConfig deployDirectory
INFORMACIÓN: Deployment of web application directory C:\Users\Isabel\Desktop\AST_PR2\AST1_apache-tomcat-7.0.59apache-tomcat-7.0.59\webapps\ROOT has finished in 97 ms
mar 04, 2015 10:39:09 PM org.apache.coyote.AbstractProtocol start
INFORMACIÓN: Starting ProtocolHandler ["http-bio-8080"]
mar 04, 2015 10:39:09 PM org.apache.coyote.AbstractProtocol start
INFORMACIÓN: Starting ProtocolHandler ["ajp-bio-8009"]
mar 04, 2015 10:39:09 PM org.apache.catalina.startup.Catalina start
INFORMACIÓN: Server startup in 9298 ms
mar 04, 2015 10:46:58 PM org.apache.catalina.startup.VersionLoggerListener log
INFORMACIÓN: Server version:        Apache Tomcat/7.0.59
mar 04, 2015 10:46:58 PM org.apache.catalina.startup.VersionLoggerListener log
INFORMACIÓN: Server built:          Jan 28 2015 15:51:10 UTC
mar 04, 2015 10:46:58 PM org.apache.catalina.startup.VersionLoggerListener log
INFORMACIÓN: Server number:         7.0.59.0
mar 04, 2015 10:46:58 PM org.apache.catalina.startup.VersionLoggerListener log
INFORMACIÓN: OS Name:               Windows 7
mar 04, 2015 10:46:58 PM org.apache.catalina.startup.VersionLoggerListener log
INFORMACIÓN: OS Version:            6.1
mar 04, 2015 10:46:58 PM org.apache.catalina.startup.VersionLoggerListener log
INFORMACIÓN: Architecture:          amd64
mar 04, 2015 10:46:58 PM org.apache.catalina.startup.VersionLoggerListener log
INFORMACIÓN: Java Home:             C:\Program Files\Java\jre7
mar 04, 2015 10:46:58 PM org.apache.catalina.startup.VersionLoggerListener log
INFORMACIÓN: JVM Version:           1.7.0_75-b13
mar 04, 2015 10:46:58 PM org.apache.catalina.startup.VersionLoggerListener log
INFORMACIÓN: JVM Vendor:            Oracle Corporation
mar 04, 2015 10:46:58 PM org.apache.catalina.startup.VersionLoggerListener log
INFORMACIÓN: CATALINA_BASE:         C:\Users\Isabel\Desktop\AST_PR2\AST1_apache-tomcat-7.0.59apache-tomcat-7.0.59
mar 04, 2015 10:46:58 PM org.apache.catalina.startup.VersionLoggerListener log
INFORMACIÓN: CATALINA_HOME:         C:\Users\Isabel\Desktop\AST_PR2\AST1_apache-tomcat-7.0.59apache-tomcat-7.0.59
mar 04, 2015 10:46:58 PM org.apache.catalina.startup.VersionLoggerListener log
INFORMACIÓN: Command line argument: -Djava.util.logging.config.file=C:\Users\Isabel\Desktop\AST_PR2\AST1_apache-tomcat-7.0.59apache-tomcat-7.0.59\conf\logging.properties
mar 04, 2015 10:46:58 PM org.apache.catalina.startup.VersionLoggerListener log
INFORMACIÓN: Command line argument: -Djava.util.logging.manager=org.apache.juli.ClassLoaderLogManager
mar 04, 2015 10:46:58 PM org.apache.catalina.startup.VersionLoggerListener log
INFORMACIÓN: Command line argument: -Djava.endorsed.dirs=C:\Users\Isabel\Desktop\AST_PR2\AST1_apache-tomcat-7.0.59apache-tomcat-7.0.59\endorsed
mar 04, 2015 10:46:58 PM org.apache.catalina.startup.VersionLoggerListener log
INFORMACIÓN: Command line argument: -Dcatalina.base=C:\Users\Isabel\Desktop\AST_PR2\AST1_apache-tomcat-7.0.59apache-tomcat-7.0.59
mar 04, 2015 10:46:58 PM org.apache.catalina.startup.VersionLoggerListener log
INFORMACIÓN: Command line argument: -Dcatalina.home=C:\Users\Isabel\Desktop\AST_PR2\AST1_apache-tomcat-7.0.59apache-tomcat-7.0.59
mar 04, 2015 10:46:58 PM org.apache.catalina.startup.VersionLoggerListener log
INFORMACIÓN: Command line argument: -Djava.io.tmpdir=C:\Users\Isabel\Desktop\AST_PR2\AST1_apache-tomcat-7.0.59apache-tomcat-7.0.59\temp
mar 04, 2015 10:46:58 PM org.apache.catalina.core.AprLifecycleListener lifecycleEvent
INFORMACIÓN: La biblioteca nativa de Apache Tomcat basada en ARP que permite un rendimiento óptimo en entornos de desarrollo no ha sido hallada en java.library.path: C:\Program Files\Java\jre7\bin;C:\Windows\Sun\Java\bin;C:\Windows\system32;C:\Windows;C:\Windows\system32;C:\Windows;C:\Windows\System32\Wbem;C:\Windows\System32\WindowsPowerShell\v1.0\;C:\Users\Isabel\Desktop\apache-ant-1.9.4\bin; C:\Program Files\Java\jdk1.8.0_25\bin;.
mar 04, 2015 10:46:59 PM org.apache.coyote.AbstractProtocol init
INFORMACIÓN: Initializing ProtocolHandler ["http-bio-8080"]
mar 04, 2015 10:46:59 PM org.apache.coyote.AbstractProtocol init
INFORMACIÓN: Initializing ProtocolHandler ["ajp-bio-8009"]
mar 04, 2015 10:46:59 PM org.apache.catalina.startup.Catalina load
INFORMACIÓN: Initialization processed in 1609 ms
mar 04, 2015 10:46:59 PM org.apache.catalina.core.StandardService startInternal
INFORMACIÓN: Arrancando servicio Catalina
mar 04, 2015 10:46:59 PM org.apache.catalina.core.StandardEngine startInternal
INFORMACIÓN: Starting Servlet Engine: Apache Tomcat/7.0.59
mar 04, 2015 10:46:59 PM org.apache.catalina.startup.HostConfig deployWAR
INFORMACIÓN: Despliegue del archivo C:\Users\Isabel\Desktop\AST_PR2\AST1_apache-tomcat-7.0.59apache-tomcat-7.0.59\webapps\axis2.war de la aplicación web
mar 04, 2015 10:47:05 PM org.apache.catalina.util.SessionIdGeneratorBase createSecureRandom
INFORMACIÓN: Creation of SecureRandom instance for session ID generation using [SHA1PRNG] took [165] milliseconds.
mar 04, 2015 10:47:07 PM org.apache.catalina.startup.HostConfig deployWAR
INFORMACIÓN: Deployment of web application archive C:\Users\Isabel\Desktop\AST_PR2\AST1_apache-tomcat-7.0.59apache-tomcat-7.0.59\webapps\axis2.war has finished in 8.129 ms
mar 04, 2015 10:47:07 PM org.apache.catalina.startup.HostConfig deployDirectory
INFORMACIÓN: Despliegue del directorio C:\Users\Isabel\Desktop\AST_PR2\AST1_apache-tomcat-7.0.59apache-tomcat-7.0.59\webapps\docs de la aplicación web
mar 04, 2015 10:47:07 PM org.apache.catalina.startup.HostConfig deployDirectory
INFORMACIÓN: Deployment of web application directory C:\Users\Isabel\Desktop\AST_PR2\AST1_apache-tomcat-7.0.59apache-tomcat-7.0.59\webapps\docs has finished in 105 ms
mar 04, 2015 10:47:07 PM org.apache.catalina.startup.HostConfig deployDirectory
INFORMACIÓN: Despliegue del directorio C:\Users\Isabel\Desktop\AST_PR2\AST1_apache-tomcat-7.0.59apache-tomcat-7.0.59\webapps\examples de la aplicación web
mar 04, 2015 10:47:08 PM org.apache.catalina.startup.HostConfig deployDirectory
INFORMACIÓN: Deployment of web application directory C:\Users\Isabel\Desktop\AST_PR2\AST1_apache-tomcat-7.0.59apache-tomcat-7.0.59\webapps\examples has finished in 974 ms
mar 04, 2015 10:47:08 PM org.apache.catalina.startup.HostConfig deployDirectory
INFORMACIÓN: Despliegue del directorio C:\Users\Isabel\Desktop\AST_PR2\AST1_apache-tomcat-7.0.59apache-tomcat-7.0.59\webapps\host-manager de la aplicación web
mar 04, 2015 10:47:08 PM org.apache.catalina.startup.HostConfig deployDirectory
INFORMACIÓN: Deployment of web application directory C:\Users\Isabel\Desktop\AST_PR2\AST1_apache-tomcat-7.0.59apache-tomcat-7.0.59\webapps\host-manager has finished in 336 ms
mar 04, 2015 10:47:08 PM org.apache.catalina.startup.HostConfig deployDirectory
INFORMACIÓN: Despliegue del directorio C:\Users\Isabel\Desktop\AST_PR2\AST1_apache-tomcat-7.0.59apache-tomcat-7.0.59\webapps\manager de la aplicación web
mar 04, 2015 10:47:09 PM org.apache.catalina.startup.HostConfig deployDirectory
INFORMACIÓN: Deployment of web application directory C:\Users\Isabel\Desktop\AST_PR2\AST1_apache-tomcat-7.0.59apache-tomcat-7.0.59\webapps\manager has finished in 157 ms
mar 04, 2015 10:47:09 PM org.apache.catalina.startup.HostConfig deployDirectory
INFORMACIÓN: Despliegue del directorio C:\Users\Isabel\Desktop\AST_PR2\AST1_apache-tomcat-7.0.59apache-tomcat-7.0.59\webapps\ROOT de la aplicación web
mar 04, 2015 10:47:09 PM org.apache.catalina.startup.HostConfig deployDirectory
INFORMACIÓN: Deployment of web application directory C:\Users\Isabel\Desktop\AST_PR2\AST1_apache-tomcat-7.0.59apache-tomcat-7.0.59\webapps\ROOT has finished in 110 ms
mar 04, 2015 10:47:09 PM org.apache.coyote.AbstractProtocol start
INFORMACIÓN: Starting ProtocolHandler ["http-bio-8080"]
mar 04, 2015 10:47:09 PM org.apache.coyote.AbstractProtocol start
INFORMACIÓN: Starting ProtocolHandler ["ajp-bio-8009"]
mar 04, 2015 10:47:09 PM org.apache.catalina.startup.Catalina start
INFORMACIÓN: Server startup in 10265 ms
mar 04, 2015 10:48:44 PM org.apache.catalina.startup.VersionLoggerListener log
INFORMACIÓN: Server version:        Apache Tomcat/7.0.59
mar 04, 2015 10:48:44 PM org.apache.catalina.startup.VersionLoggerListener log
INFORMACIÓN: Server built:          Jan 28 2015 15:51:10 UTC
mar 04, 2015 10:48:44 PM org.apache.catalina.startup.VersionLoggerListener log
INFORMACIÓN: Server number:         7.0.59.0
mar 04, 2015 10:48:44 PM org.apache.catalina.startup.VersionLoggerListener log
INFORMACIÓN: OS Name:               Windows 7
mar 04, 2015 10:48:44 PM org.apache.catalina.startup.VersionLoggerListener log
INFORMACIÓN: OS Version:            6.1
mar 04, 2015 10:48:44 PM org.apache.catalina.startup.VersionLoggerListener log
INFORMACIÓN: Architecture:          amd64
mar 04, 2015 10:48:44 PM org.apache.catalina.startup.VersionLoggerListener log
INFORMACIÓN: Java Home:             C:\Program Files\Java\jre7
mar 04, 2015 10:48:44 PM org.apache.catalina.startup.VersionLoggerListener log
INFORMACIÓN: JVM Version:           1.7.0_75-b13
mar 04, 2015 10:48:44 PM org.apache.catalina.startup.VersionLoggerListener log
INFORMACIÓN: JVM Vendor:            Oracle Corporation
mar 04, 2015 10:48:44 PM org.apache.catalina.startup.VersionLoggerListener log
INFORMACIÓN: CATALINA_BASE:         C:\Users\Isabel\Desktop\AST_PR2\AST1_apache-tomcat-7.0.59apache-tomcat-7.0.59
mar 04, 2015 10:48:44 PM org.apache.catalina.startup.VersionLoggerListener log
INFORMACIÓN: CATALINA_HOME:         C:\Users\Isabel\Desktop\AST_PR2\AST1_apache-tomcat-7.0.59apache-tomcat-7.0.59
mar 04, 2015 10:48:44 PM org.apache.catalina.startup.VersionLoggerListener log
INFORMACIÓN: Command line argument: -Djava.util.logging.config.file=C:\Users\Isabel\Desktop\AST_PR2\AST1_apache-tomcat-7.0.59apache-tomcat-7.0.59\conf\logging.properties
mar 04, 2015 10:48:44 PM org.apache.catalina.startup.VersionLoggerListener log
INFORMACIÓN: Command line argument: -Djava.util.logging.manager=org.apache.juli.ClassLoaderLogManager
mar 04, 2015 10:48:44 PM org.apache.catalina.startup.VersionLoggerListener log
INFORMACIÓN: Command line argument: -Djava.endorsed.dirs=C:\Users\Isabel\Desktop\AST_PR2\AST1_apache-tomcat-7.0.59apache-tomcat-7.0.59\endorsed
mar 04, 2015 10:48:44 PM org.apache.catalina.startup.VersionLoggerListener log
INFORMACIÓN: Command line argument: -Dcatalina.base=C:\Users\Isabel\Desktop\AST_PR2\AST1_apache-tomcat-7.0.59apache-tomcat-7.0.59
mar 04, 2015 10:48:44 PM org.apache.catalina.startup.VersionLoggerListener log
INFORMACIÓN: Command line argument: -Dcatalina.home=C:\Users\Isabel\Desktop\AST_PR2\AST1_apache-tomcat-7.0.59apache-tomcat-7.0.59
mar 04, 2015 10:48:44 PM org.apache.catalina.startup.VersionLoggerListener log
INFORMACIÓN: Command line argument: -Djava.io.tmpdir=C:\Users\Isabel\Desktop\AST_PR2\AST1_apache-tomcat-7.0.59apache-tomcat-7.0.59\temp
mar 04, 2015 10:48:44 PM org.apache.catalina.core.AprLifecycleListener lifecycleEvent
INFORMACIÓN: La biblioteca nativa de Apache Tomcat basada en ARP que permite un rendimiento óptimo en entornos de desarrollo no ha sido hallada en java.library.path: C:\Program Files\Java\jre7\bin;C:\Windows\Sun\Java\bin;C:\Windows\system32;C:\Windows;C:\Windows\system32;C:\Windows;C:\Windows\System32\Wbem;C:\Windows\System32\WindowsPowerShell\v1.0\;C:\Users\Isabel\Desktop\apache-ant-1.9.4\bin; C:\Program Files\Java\jdk1.8.0_25\bin;.
mar 04, 2015 10:48:44 PM org.apache.coyote.AbstractProtocol init
INFORMACIÓN: Initializing ProtocolHandler ["http-bio-8080"]
mar 04, 2015 10:48:44 PM org.apache.coyote.AbstractProtocol init
INFORMACIÓN: Initializing ProtocolHandler ["ajp-bio-8009"]
mar 04, 2015 10:48:44 PM org.apache.catalina.startup.Catalina load
INFORMACIÓN: Initialization processed in 1519 ms
mar 04, 2015 10:48:44 PM org.apache.catalina.core.StandardService startInternal
INFORMACIÓN: Arrancando servicio Catalina
mar 04, 2015 10:48:44 PM org.apache.catalina.core.StandardEngine startInternal
INFORMACIÓN: Starting Servlet Engine: Apache Tomcat/7.0.59
mar 04, 2015 10:48:44 PM org.apache.catalina.startup.HostConfig deployWAR
INFORMACIÓN: Despliegue del archivo C:\Users\Isabel\Desktop\AST_PR2\AST1_apache-tomcat-7.0.59apache-tomcat-7.0.59\webapps\axis2.war de la aplicación web
mar 04, 2015 10:48:54 PM org.apache.catalina.util.SessionIdGeneratorBase createSecureRandom
INFORMACIÓN: Creation of SecureRandom instance for session ID generation using [SHA1PRNG] took [160] milliseconds.
mar 04, 2015 10:48:55 PM org.apache.catalina.startup.HostConfig deployWAR
INFORMACIÓN: Deployment of web application archive C:\Users\Isabel\Desktop\AST_PR2\AST1_apache-tomcat-7.0.59apache-tomcat-7.0.59\webapps\axis2.war has finished in 10.909 ms
mar 04, 2015 10:48:55 PM org.apache.catalina.startup.HostConfig deployDirectory
INFORMACIÓN: Despliegue del directorio C:\Users\Isabel\Desktop\AST_PR2\AST1_apache-tomcat-7.0.59apache-tomcat-7.0.59\webapps\docs de la aplicación web
mar 04, 2015 10:48:55 PM org.apache.catalina.startup.HostConfig deployDirectory
INFORMACIÓN: Deployment of web application directory C:\Users\Isabel\Desktop\AST_PR2\AST1_apache-tomcat-7.0.59apache-tomcat-7.0.59\webapps\docs has finished in 113 ms
mar 04, 2015 10:48:55 PM org.apache.catalina.startup.HostConfig deployDirectory
INFORMACIÓN: Despliegue del directorio C:\Users\Isabel\Desktop\AST_PR2\AST1_apache-tomcat-7.0.59apache-tomcat-7.0.59\webapps\examples de la aplicación web
mar 04, 2015 10:48:57 PM org.apache.catalina.startup.HostConfig deployDirectory
INFORMACIÓN: Deployment of web application directory C:\Users\Isabel\Desktop\AST_PR2\AST1_apache-tomcat-7.0.59apache-tomcat-7.0.59\webapps\examples has finished in 1.212 ms
mar 04, 2015 10:48:57 PM org.apache.catalina.startup.HostConfig deployDirectory
INFORMACIÓN: Despliegue del directorio C:\Users\Isabel\Desktop\AST_PR2\AST1_apache-tomcat-7.0.59apache-tomcat-7.0.59\webapps\host-manager de la aplicación web
mar 04, 2015 10:48:57 PM org.apache.catalina.startup.HostConfig deployDirectory
INFORMACIÓN: Deployment of web application directory C:\Users\Isabel\Desktop\AST_PR2\AST1_apache-tomcat-7.0.59apache-tomcat-7.0.59\webapps\host-manager has finished in 156 ms
mar 04, 2015 10:48:57 PM org.apache.catalina.startup.HostConfig deployDirectory
INFORMACIÓN: Despliegue del directorio C:\Users\Isabel\Desktop\AST_PR2\AST1_apache-tomcat-7.0.59apache-tomcat-7.0.59\webapps\manager de la aplicación web
mar 04, 2015 10:48:57 PM org.apache.catalina.startup.HostConfig deployDirectory
INFORMACIÓN: Deployment of web application directory C:\Users\Isabel\Desktop\AST_PR2\AST1_apache-tomcat-7.0.59apache-tomcat-7.0.59\webapps\manager has finished in 112 ms
mar 04, 2015 10:48:57 PM org.apache.catalina.startup.HostConfig deployDirectory
INFORMACIÓN: Despliegue del directorio C:\Users\Isabel\Desktop\AST_PR2\AST1_apache-tomcat-7.0.59apache-tomcat-7.0.59\webapps\ROOT de la aplicación web
mar 04, 2015 10:48:57 PM org.apache.catalina.startup.HostConfig deployDirectory
INFORMACIÓN: Deployment of web application directory C:\Users\Isabel\Desktop\AST_PR2\AST1_apache-tomcat-7.0.59apache-tomcat-7.0.59\webapps\ROOT has finished in 96 ms
mar 04, 2015 10:48:57 PM org.apache.coyote.AbstractProtocol start
INFORMACIÓN: Starting ProtocolHandler ["http-bio-8080"]
mar 04, 2015 10:48:57 PM org.apache.coyote.AbstractProtocol start
INFORMACIÓN: Starting ProtocolHandler ["ajp-bio-8009"]
mar 04, 2015 10:48:57 PM org.apache.catalina.startup.Catalina start
INFORMACIÓN: Server startup in 12870 ms
mar 04, 2015 10:49:39 PM org.apache.coyote.AbstractProtocol pause
INFORMACIÓN: Pausing ProtocolHandler ["http-bio-8080"]
mar 04, 2015 10:49:39 PM org.apache.coyote.AbstractProtocol pause
INFORMACIÓN: Pausing ProtocolHandler ["ajp-bio-8009"]
mar 04, 2015 10:49:39 PM org.apache.catalina.core.StandardService stopInternal
INFORMACIÓN: Parando servicio Catalina
mar 04, 2015 10:49:39 PM org.apache.coyote.AbstractProtocol stop
INFORMACIÓN: Stopping ProtocolHandler ["http-bio-8080"]
mar 04, 2015 10:49:39 PM org.apache.coyote.AbstractProtocol stop
INFORMACIÓN: Stopping ProtocolHandler ["ajp-bio-8009"]
mar 04, 2015 10:49:39 PM org.apache.coyote.AbstractProtocol destroy
INFORMACIÓN: Destroying ProtocolHandler ["http-bio-8080"]
mar 04, 2015 10:49:39 PM org.apache.coyote.AbstractProtocol destroy
INFORMACIÓN: Destroying ProtocolHandler ["ajp-bio-8009"]
mar 04, 2015 10:49:54 PM org.apache.catalina.startup.VersionLoggerListener log
INFORMACIÓN: Server version:        Apache Tomcat/7.0.59
mar 04, 2015 10:49:54 PM org.apache.catalina.startup.VersionLoggerListener log
INFORMACIÓN: Server built:          Jan 28 2015 15:51:10 UTC
mar 04, 2015 10:49:54 PM org.apache.catalina.startup.VersionLoggerListener log
INFORMACIÓN: Server number:         7.0.59.0
mar 04, 2015 10:49:54 PM org.apache.catalina.startup.VersionLoggerListener log
INFORMACIÓN: OS Name:               Windows 7
mar 04, 2015 10:49:54 PM org.apache.catalina.startup.VersionLoggerListener log
INFORMACIÓN: OS Version:            6.1
mar 04, 2015 10:49:54 PM org.apache.catalina.startup.VersionLoggerListener log
INFORMACIÓN: Architecture:          amd64
mar 04, 2015 10:49:54 PM org.apache.catalina.startup.VersionLoggerListener log
INFORMACIÓN: Java Home:             C:\Program Files\Java\jre7
mar 04, 2015 10:49:54 PM org.apache.catalina.startup.VersionLoggerListener log
INFORMACIÓN: JVM Version:           1.7.0_75-b13
mar 04, 2015 10:49:54 PM org.apache.catalina.startup.VersionLoggerListener log
INFORMACIÓN: JVM Vendor:            Oracle Corporation
mar 04, 2015 10:49:54 PM org.apache.catalina.startup.VersionLoggerListener log
INFORMACIÓN: CATALINA_BASE:         C:\Users\Isabel\Desktop\AST_PR2\AST1_apache-tomcat-7.0.59apache-tomcat-7.0.59
mar 04, 2015 10:49:54 PM org.apache.catalina.startup.VersionLoggerListener log
INFORMACIÓN: CATALINA_HOME:         C:\Users\Isabel\Desktop\AST_PR2\AST1_apache-tomcat-7.0.59apache-tomcat-7.0.59
mar 04, 2015 10:49:54 PM org.apache.catalina.startup.VersionLoggerListener log
INFORMACIÓN: Command line argument: -Djava.util.logging.config.file=C:\Users\Isabel\Desktop\AST_PR2\AST1_apache-tomcat-7.0.59apache-tomcat-7.0.59\conf\logging.properties
mar 04, 2015 10:49:55 PM org.apache.catalina.startup.VersionLoggerListener log
INFORMACIÓN: Command line argument: -Djava.util.logging.manager=org.apache.juli.ClassLoaderLogManager
mar 04, 2015 10:49:55 PM org.apache.catalina.startup.VersionLoggerListener log
INFORMACIÓN: Command line argument: -Djava.endorsed.dirs=C:\Users\Isabel\Desktop\AST_PR2\AST1_apache-tomcat-7.0.59apache-tomcat-7.0.59\endorsed
mar 04, 2015 10:49:55 PM org.apache.catalina.startup.VersionLoggerListener log
INFORMACIÓN: Command line argument: -Dcatalina.base=C:\Users\Isabel\Desktop\AST_PR2\AST1_apache-tomcat-7.0.59apache-tomcat-7.0.59
mar 04, 2015 10:49:55 PM org.apache.catalina.startup.VersionLoggerListener log
INFORMACIÓN: Command line argument: -Dcatalina.home=C:\Users\Isabel\Desktop\AST_PR2\AST1_apache-tomcat-7.0.59apache-tomcat-7.0.59
mar 04, 2015 10:49:55 PM org.apache.catalina.startup.VersionLoggerListener log
INFORMACIÓN: Command line argument: -Djava.io.tmpdir=C:\Users\Isabel\Desktop\AST_PR2\AST1_apache-tomcat-7.0.59apache-tomcat-7.0.59\temp
mar 04, 2015 10:49:55 PM org.apache.catalina.core.AprLifecycleListener lifecycleEvent
INFORMACIÓN: La biblioteca nativa de Apache Tomcat basada en ARP que permite un rendimiento óptimo en entornos de desarrollo no ha sido hallada en java.library.path: C:\Program Files\Java\jre7\bin;C:\Windows\Sun\Java\bin;C:\Windows\system32;C:\Windows;C:\Windows\system32;C:\Windows;C:\Windows\System32\Wbem;C:\Windows\System32\WindowsPowerShell\v1.0\;C:\Users\Isabel\Desktop\apache-ant-1.9.4\bin; C:\Program Files\Java\jdk1.8.0_25\bin;.
mar 04, 2015 10:49:55 PM org.apache.coyote.AbstractProtocol init
INFORMACIÓN: Initializing ProtocolHandler ["http-bio-8080"]
mar 04, 2015 10:49:55 PM org.apache.coyote.AbstractProtocol init
INFORMACIÓN: Initializing ProtocolHandler ["ajp-bio-8009"]
mar 04, 2015 10:49:55 PM org.apache.catalina.startup.Catalina load
INFORMACIÓN: Initialization processed in 1491 ms
mar 04, 2015 10:49:55 PM org.apache.catalina.core.StandardService startInternal
INFORMACIÓN: Arrancando servicio Catalina
mar 04, 2015 10:49:55 PM org.apache.catalina.core.StandardEngine startInternal
INFORMACIÓN: Starting Servlet Engine: Apache Tomcat/7.0.59
mar 04, 2015 10:49:55 PM org.apache.catalina.startup.HostConfig deployWAR
INFORMACIÓN: Despliegue del archivo C:\Users\Isabel\Desktop\AST_PR2\AST1_apache-tomcat-7.0.59apache-tomcat-7.0.59\webapps\axis2.war de la aplicación web
mar 04, 2015 10:50:03 PM org.apache.catalina.util.SessionIdGeneratorBase createSecureRandom
INFORMACIÓN: Creation of SecureRandom instance for session ID generation using [SHA1PRNG] took [164] milliseconds.
mar 04, 2015 10:50:05 PM org.apache.catalina.startup.HostConfig deployWAR
INFORMACIÓN: Deployment of web application archive C:\Users\Isabel\Desktop\AST_PR2\AST1_apache-tomcat-7.0.59apache-tomcat-7.0.59\webapps\axis2.war has finished in 10.063 ms
mar 04, 2015 10:50:05 PM org.apache.catalina.startup.HostConfig deployDirectory
INFORMACIÓN: Despliegue del directorio C:\Users\Isabel\Desktop\AST_PR2\AST1_apache-tomcat-7.0.59apache-tomcat-7.0.59\webapps\docs de la aplicación web
mar 04, 2015 10:50:05 PM org.apache.catalina.startup.HostConfig deployDirectory
INFORMACIÓN: Deployment of web application directory C:\Users\Isabel\Desktop\AST_PR2\AST1_apache-tomcat-7.0.59apache-tomcat-7.0.59\webapps\docs has finished in 116 ms
mar 04, 2015 10:50:05 PM org.apache.catalina.startup.HostConfig deployDirectory
INFORMACIÓN: Despliegue del directorio C:\Users\Isabel\Desktop\AST_PR2\AST1_apache-tomcat-7.0.59apache-tomcat-7.0.59\webapps\examples de la aplicación web
mar 04, 2015 10:50:06 PM org.apache.catalina.startup.HostConfig deployDirectory
INFORMACIÓN: Deployment of web application directory C:\Users\Isabel\Desktop\AST_PR2\AST1_apache-tomcat-7.0.59apache-tomcat-7.0.59\webapps\examples has finished in 779 ms
mar 04, 2015 10:50:06 PM org.apache.catalina.startup.HostConfig deployDirectory
INFORMACIÓN: Despliegue del directorio C:\Users\Isabel\Desktop\AST_PR2\AST1_apache-tomcat-7.0.59apache-tomcat-7.0.59\webapps\host-manager de la aplicación web
mar 04, 2015 10:50:06 PM org.apache.catalina.startup.HostConfig deployDirectory
INFORMACIÓN: Deployment of web application directory C:\Users\Isabel\Desktop\AST_PR2\AST1_apache-tomcat-7.0.59apache-tomcat-7.0.59\webapps\host-manager has finished in 137 ms
mar 04, 2015 10:50:06 PM org.apache.catalina.startup.HostConfig deployDirectory
INFORMACIÓN: Despliegue del directorio C:\Users\Isabel\Desktop\AST_PR2\AST1_apache-tomcat-7.0.59apache-tomcat-7.0.59\webapps\manager de la aplicación web
mar 04, 2015 10:50:06 PM org.apache.catalina.startup.HostConfig deployDirectory
INFORMACIÓN: Deployment of web application directory C:\Users\Isabel\Desktop\AST_PR2\AST1_apache-tomcat-7.0.59apache-tomcat-7.0.59\webapps\manager has finished in 153 ms
mar 04, 2015 10:50:06 PM org.apache.catalina.startup.HostConfig deployDirectory
INFORMACIÓN: Despliegue del directorio C:\Users\Isabel\Desktop\AST_PR2\AST1_apache-tomcat-7.0.59apache-tomcat-7.0.59\webapps\ROOT de la aplicación web
mar 04, 2015 10:50:06 PM org.apache.catalina.startup.HostConfig deployDirectory
INFORMACIÓN: Deployment of web application directory C:\Users\Isabel\Desktop\AST_PR2\AST1_apache-tomcat-7.0.59apache-tomcat-7.0.59\webapps\ROOT has finished in 115 ms
mar 04, 2015 10:50:06 PM org.apache.coyote.AbstractProtocol start
INFORMACIÓN: Starting ProtocolHandler ["http-bio-8080"]
mar 04, 2015 10:50:06 PM org.apache.coyote.AbstractProtocol start
INFORMACIÓN: Starting ProtocolHandler ["ajp-bio-8009"]
mar 04, 2015 10:50:06 PM org.apache.catalina.startup.Catalina start
INFORMACIÓN: Server startup in 11559 ms
mar 04, 2015 10:52:00 PM org.apache.coyote.AbstractProtocol pause
INFORMACIÓN: Pausing ProtocolHandler ["http-bio-8080"]
mar 04, 2015 10:52:01 PM org.apache.coyote.AbstractProtocol pause
INFORMACIÓN: Pausing ProtocolHandler ["ajp-bio-8009"]
mar 04, 2015 10:52:01 PM org.apache.catalina.core.StandardService stopInternal
INFORMACIÓN: Parando servicio Catalina
mar 04, 2015 10:52:01 PM org.apache.coyote.AbstractProtocol stop
INFORMACIÓN: Stopping ProtocolHandler ["http-bio-8080"]
mar 04, 2015 10:52:01 PM org.apache.coyote.AbstractProtocol stop
INFORMACIÓN: Stopping ProtocolHandler ["ajp-bio-8009"]
mar 04, 2015 10:52:01 PM org.apache.coyote.AbstractProtocol destroy
INFORMACIÓN: Destroying ProtocolHandler ["http-bio-8080"]
mar 04, 2015 10:52:01 PM org.apache.coyote.AbstractProtocol destroy
INFORMACIÓN: Destroying ProtocolHandler ["ajp-bio-8009"]
