may 05, 2015 12:12:41 AM org.apache.coyote.AbstractProtocol pause
INFORMACIÓN: Pausing ProtocolHandler ["http-bio-8080"]
may 05, 2015 12:12:41 AM org.apache.coyote.AbstractProtocol pause
INFORMACIÓN: Pausing ProtocolHandler ["ajp-bio-8009"]
may 05, 2015 12:12:41 AM org.apache.catalina.core.StandardService stopInternal
INFORMACIÓN: Parando servicio Catalina
may 05, 2015 12:12:41 AM org.apache.catalina.loader.WebappClassLoader clearReferencesThreads
GRAVE: La aplicación web [/axis2] parece haber arrancado un hilo llamado [Abandoned connection cleanup thread] pero no ha podido pararlo. Esto tiene todas las papeletas de convertirse en un fallo de memoria.
may 05, 2015 12:12:41 AM org.apache.catalina.loader.WebappClassLoader checkThreadLocalMapForLeaks
GRAVE: La aplicación web [/axis2] creó un ThreadLocal con clave del tipo [org.apache.axiom.util.UIDGenerator$1] (valor [org.apache.axiom.util.UIDGenerator$1@4a3ece73]) y un valor del tipo [long[]] (valor [[J@61640619]) pero no pudo quitarlo cuando la aplicación web se paró. Los hilos se van a renovar con el tiempo para intentar evitar in posible fallo de memoria.
may 05, 2015 12:12:41 AM org.apache.catalina.loader.WebappClassLoader checkThreadLocalMapForLeaks
GRAVE: La aplicación web [/axis2] creó un ThreadLocal con clave del tipo [org.apache.axiom.util.UIDGenerator$1] (valor [org.apache.axiom.util.UIDGenerator$1@4a3ece73]) y un valor del tipo [long[]] (valor [[J@6dcc8542]) pero no pudo quitarlo cuando la aplicación web se paró. Los hilos se van a renovar con el tiempo para intentar evitar in posible fallo de memoria.
may 05, 2015 12:12:41 AM org.apache.coyote.AbstractProtocol stop
INFORMACIÓN: Stopping ProtocolHandler ["http-bio-8080"]
may 05, 2015 12:12:41 AM org.apache.coyote.AbstractProtocol stop
INFORMACIÓN: Stopping ProtocolHandler ["ajp-bio-8009"]
may 05, 2015 12:12:41 AM org.apache.coyote.AbstractProtocol destroy
INFORMACIÓN: Destroying ProtocolHandler ["http-bio-8080"]
may 05, 2015 12:12:41 AM org.apache.coyote.AbstractProtocol destroy
INFORMACIÓN: Destroying ProtocolHandler ["ajp-bio-8009"]
may 05, 2015 12:12:50 AM org.apache.catalina.startup.VersionLoggerListener log
INFORMACIÓN: Server version:        Apache Tomcat/7.0.59
may 05, 2015 12:12:50 AM org.apache.catalina.startup.VersionLoggerListener log
INFORMACIÓN: Server built:          Jan 28 2015 15:51:10 UTC
may 05, 2015 12:12:51 AM org.apache.catalina.startup.VersionLoggerListener log
INFORMACIÓN: Server number:         7.0.59.0
may 05, 2015 12:12:51 AM org.apache.catalina.startup.VersionLoggerListener log
INFORMACIÓN: OS Name:               Windows 7
may 05, 2015 12:12:51 AM org.apache.catalina.startup.VersionLoggerListener log
INFORMACIÓN: OS Version:            6.1
may 05, 2015 12:12:51 AM org.apache.catalina.startup.VersionLoggerListener log
INFORMACIÓN: Architecture:          amd64
may 05, 2015 12:12:51 AM org.apache.catalina.startup.VersionLoggerListener log
INFORMACIÓN: Java Home:             C:\Program Files\Java\jre7
may 05, 2015 12:12:51 AM org.apache.catalina.startup.VersionLoggerListener log
INFORMACIÓN: JVM Version:           1.7.0_75-b13
may 05, 2015 12:12:51 AM org.apache.catalina.startup.VersionLoggerListener log
INFORMACIÓN: JVM Vendor:            Oracle Corporation
may 05, 2015 12:12:51 AM org.apache.catalina.startup.VersionLoggerListener log
INFORMACIÓN: CATALINA_BASE:         C:\Users\Isabel\Desktop\ASTP\Tomcat_axis2
may 05, 2015 12:12:51 AM org.apache.catalina.startup.VersionLoggerListener log
INFORMACIÓN: CATALINA_HOME:         C:\Users\Isabel\Desktop\ASTP\Tomcat_axis2
may 05, 2015 12:12:51 AM org.apache.catalina.startup.VersionLoggerListener log
INFORMACIÓN: Command line argument: -Djava.util.logging.config.file=C:\Users\Isabel\Desktop\ASTP\Tomcat_axis2\conf\logging.properties
may 05, 2015 12:12:51 AM org.apache.catalina.startup.VersionLoggerListener log
INFORMACIÓN: Command line argument: -Djava.util.logging.manager=org.apache.juli.ClassLoaderLogManager
may 05, 2015 12:12:51 AM org.apache.catalina.startup.VersionLoggerListener log
INFORMACIÓN: Command line argument: -Djava.endorsed.dirs=C:\Users\Isabel\Desktop\ASTP\Tomcat_axis2\endorsed
may 05, 2015 12:12:51 AM org.apache.catalina.startup.VersionLoggerListener log
INFORMACIÓN: Command line argument: -Dcatalina.base=C:\Users\Isabel\Desktop\ASTP\Tomcat_axis2
may 05, 2015 12:12:51 AM org.apache.catalina.startup.VersionLoggerListener log
INFORMACIÓN: Command line argument: -Dcatalina.home=C:\Users\Isabel\Desktop\ASTP\Tomcat_axis2
may 05, 2015 12:12:51 AM org.apache.catalina.startup.VersionLoggerListener log
INFORMACIÓN: Command line argument: -Djava.io.tmpdir=C:\Users\Isabel\Desktop\ASTP\Tomcat_axis2\temp
may 05, 2015 12:12:51 AM org.apache.catalina.core.AprLifecycleListener lifecycleEvent
INFORMACIÓN: La biblioteca nativa de Apache Tomcat basada en ARP que permite un rendimiento óptimo en entornos de desarrollo no ha sido hallada en java.library.path: C:\Program Files\Java\jre7\bin;C:\Windows\Sun\Java\bin;C:\Windows\system32;C:\Windows;C:\Windows\system32;C:\Windows;C:\Windows\System32\Wbem;C:\Windows\System32\WindowsPowerShell\v1.0\;C:\Users\Isabel\Desktop\apache-ant-1.9.4\bin; C:\Program Files\Java\jdk1.7.0_75\bin;.
may 05, 2015 12:12:51 AM org.apache.coyote.AbstractProtocol init
INFORMACIÓN: Initializing ProtocolHandler ["http-bio-8080"]
may 05, 2015 12:12:51 AM org.apache.coyote.AbstractProtocol init
INFORMACIÓN: Initializing ProtocolHandler ["ajp-bio-8009"]
may 05, 2015 12:12:51 AM org.apache.catalina.startup.Catalina load
INFORMACIÓN: Initialization processed in 1672 ms
may 05, 2015 12:12:51 AM org.apache.catalina.core.StandardService startInternal
INFORMACIÓN: Arrancando servicio Catalina
may 05, 2015 12:12:51 AM org.apache.catalina.core.StandardEngine startInternal
INFORMACIÓN: Starting Servlet Engine: Apache Tomcat/7.0.59
may 05, 2015 12:12:51 AM org.apache.catalina.startup.HostConfig deployWAR
INFORMACIÓN: Despliegue del archivo C:\Users\Isabel\Desktop\ASTP\Tomcat_axis2\webapps\axis2.war de la aplicación web
may 05, 2015 12:13:01 AM org.apache.catalina.util.SessionIdGeneratorBase createSecureRandom
INFORMACIÓN: Creation of SecureRandom instance for session ID generation using [SHA1PRNG] took [127] milliseconds.
may 05, 2015 12:13:03 AM org.apache.catalina.startup.HostConfig deployWAR
INFORMACIÓN: Deployment of web application archive C:\Users\Isabel\Desktop\ASTP\Tomcat_axis2\webapps\axis2.war has finished in 11.901 ms
may 05, 2015 12:13:03 AM org.apache.catalina.startup.HostConfig deployDirectory
INFORMACIÓN: Despliegue del directorio C:\Users\Isabel\Desktop\ASTP\Tomcat_axis2\webapps\docs de la aplicación web
may 05, 2015 12:13:03 AM org.apache.catalina.startup.HostConfig deployDirectory
INFORMACIÓN: Deployment of web application directory C:\Users\Isabel\Desktop\ASTP\Tomcat_axis2\webapps\docs has finished in 397 ms
may 05, 2015 12:13:03 AM org.apache.catalina.startup.HostConfig deployDirectory
INFORMACIÓN: Despliegue del directorio C:\Users\Isabel\Desktop\ASTP\Tomcat_axis2\webapps\examples de la aplicación web
may 05, 2015 12:13:05 AM org.apache.catalina.startup.HostConfig deployDirectory
INFORMACIÓN: Deployment of web application directory C:\Users\Isabel\Desktop\ASTP\Tomcat_axis2\webapps\examples has finished in 1.235 ms
may 05, 2015 12:13:05 AM org.apache.catalina.startup.HostConfig deployDirectory
INFORMACIÓN: Despliegue del directorio C:\Users\Isabel\Desktop\ASTP\Tomcat_axis2\webapps\host-manager de la aplicación web
may 05, 2015 12:13:05 AM org.apache.catalina.startup.HostConfig deployDirectory
INFORMACIÓN: Deployment of web application directory C:\Users\Isabel\Desktop\ASTP\Tomcat_axis2\webapps\host-manager has finished in 366 ms
may 05, 2015 12:13:05 AM org.apache.catalina.startup.HostConfig deployDirectory
INFORMACIÓN: Despliegue del directorio C:\Users\Isabel\Desktop\ASTP\Tomcat_axis2\webapps\manager de la aplicación web
may 05, 2015 12:13:06 AM org.apache.catalina.startup.HostConfig deployDirectory
INFORMACIÓN: Deployment of web application directory C:\Users\Isabel\Desktop\ASTP\Tomcat_axis2\webapps\manager has finished in 472 ms
may 05, 2015 12:13:06 AM org.apache.catalina.startup.HostConfig deployDirectory
INFORMACIÓN: Despliegue del directorio C:\Users\Isabel\Desktop\ASTP\Tomcat_axis2\webapps\ROOT de la aplicación web
may 05, 2015 12:13:06 AM org.apache.catalina.startup.HostConfig deployDirectory
INFORMACIÓN: Deployment of web application directory C:\Users\Isabel\Desktop\ASTP\Tomcat_axis2\webapps\ROOT has finished in 304 ms
may 05, 2015 12:13:06 AM org.apache.coyote.AbstractProtocol start
INFORMACIÓN: Starting ProtocolHandler ["http-bio-8080"]
may 05, 2015 12:13:06 AM org.apache.coyote.AbstractProtocol start
INFORMACIÓN: Starting ProtocolHandler ["ajp-bio-8009"]
may 05, 2015 12:13:06 AM org.apache.catalina.startup.Catalina start
INFORMACIÓN: Server startup in 14844 ms
may 05, 2015 2:13:50 AM org.apache.coyote.AbstractProtocol pause
INFORMACIÓN: Pausing ProtocolHandler ["http-bio-8080"]
may 05, 2015 2:13:50 AM org.apache.coyote.AbstractProtocol pause
INFORMACIÓN: Pausing ProtocolHandler ["ajp-bio-8009"]
may 05, 2015 2:13:50 AM org.apache.catalina.core.StandardService stopInternal
INFORMACIÓN: Parando servicio Catalina
may 05, 2015 2:13:51 AM org.apache.catalina.loader.WebappClassLoader clearReferencesThreads
GRAVE: La aplicación web [/axis2] parece haber arrancado un hilo llamado [Timer-1] pero no ha podido pararlo. Esto tiene todas las papeletas de convertirse en un fallo de memoria.
may 05, 2015 2:13:51 AM org.apache.catalina.loader.WebappClassLoader clearReferencesThreads
GRAVE: La aplicación web [/axis2] parece haber arrancado un hilo llamado [Abandoned connection cleanup thread] pero no ha podido pararlo. Esto tiene todas las papeletas de convertirse en un fallo de memoria.
may 05, 2015 2:13:51 AM org.apache.catalina.loader.WebappClassLoader checkThreadLocalMapForLeaks
GRAVE: La aplicación web [/axis2] creó un ThreadLocal con clave del tipo [org.apache.axiom.util.UIDGenerator$1] (valor [org.apache.axiom.util.UIDGenerator$1@77828e3d]) y un valor del tipo [long[]] (valor [[J@1c488417]) pero no pudo quitarlo cuando la aplicación web se paró. Los hilos se van a renovar con el tiempo para intentar evitar in posible fallo de memoria.
may 05, 2015 2:13:51 AM org.apache.catalina.loader.WebappClassLoader checkThreadLocalMapForLeaks
GRAVE: La aplicación web [/axis2] creó un ThreadLocal con clave del tipo [org.apache.axiom.util.UIDGenerator$1] (valor [org.apache.axiom.util.UIDGenerator$1@77828e3d]) y un valor del tipo [long[]] (valor [[J@5cd81082]) pero no pudo quitarlo cuando la aplicación web se paró. Los hilos se van a renovar con el tiempo para intentar evitar in posible fallo de memoria.
may 05, 2015 2:13:51 AM org.apache.catalina.loader.WebappClassLoader checkThreadLocalMapForLeaks
GRAVE: La aplicación web [/axis2] creó un ThreadLocal con clave del tipo [org.apache.axiom.util.UIDGenerator$1] (valor [org.apache.axiom.util.UIDGenerator$1@77828e3d]) y un valor del tipo [long[]] (valor [[J@6d23f66c]) pero no pudo quitarlo cuando la aplicación web se paró. Los hilos se van a renovar con el tiempo para intentar evitar in posible fallo de memoria.
may 05, 2015 2:13:51 AM org.apache.catalina.loader.WebappClassLoader checkThreadLocalMapForLeaks
GRAVE: La aplicación web [/axis2] creó un ThreadLocal con clave del tipo [org.apache.axiom.util.UIDGenerator$1] (valor [org.apache.axiom.util.UIDGenerator$1@77828e3d]) y un valor del tipo [long[]] (valor [[J@5407646e]) pero no pudo quitarlo cuando la aplicación web se paró. Los hilos se van a renovar con el tiempo para intentar evitar in posible fallo de memoria.
may 05, 2015 2:13:51 AM org.apache.catalina.loader.WebappClassLoader checkThreadLocalMapForLeaks
GRAVE: La aplicación web [/axis2] creó un ThreadLocal con clave del tipo [org.apache.axiom.util.UIDGenerator$1] (valor [org.apache.axiom.util.UIDGenerator$1@77828e3d]) y un valor del tipo [long[]] (valor [[J@31529cdb]) pero no pudo quitarlo cuando la aplicación web se paró. Los hilos se van a renovar con el tiempo para intentar evitar in posible fallo de memoria.
may 05, 2015 2:13:51 AM org.apache.coyote.AbstractProtocol stop
INFORMACIÓN: Stopping ProtocolHandler ["http-bio-8080"]
may 05, 2015 2:13:51 AM org.apache.coyote.AbstractProtocol stop
INFORMACIÓN: Stopping ProtocolHandler ["ajp-bio-8009"]
may 05, 2015 2:13:51 AM org.apache.coyote.AbstractProtocol destroy
INFORMACIÓN: Destroying ProtocolHandler ["http-bio-8080"]
may 05, 2015 2:13:51 AM org.apache.coyote.AbstractProtocol destroy
INFORMACIÓN: Destroying ProtocolHandler ["ajp-bio-8009"]
may 05, 2015 2:14:00 AM org.apache.catalina.startup.VersionLoggerListener log
INFORMACIÓN: Server version:        Apache Tomcat/7.0.59
may 05, 2015 2:14:00 AM org.apache.catalina.startup.VersionLoggerListener log
INFORMACIÓN: Server built:          Jan 28 2015 15:51:10 UTC
may 05, 2015 2:14:00 AM org.apache.catalina.startup.VersionLoggerListener log
INFORMACIÓN: Server number:         7.0.59.0
may 05, 2015 2:14:00 AM org.apache.catalina.startup.VersionLoggerListener log
INFORMACIÓN: OS Name:               Windows 7
may 05, 2015 2:14:00 AM org.apache.catalina.startup.VersionLoggerListener log
INFORMACIÓN: OS Version:            6.1
may 05, 2015 2:14:00 AM org.apache.catalina.startup.VersionLoggerListener log
INFORMACIÓN: Architecture:          amd64
may 05, 2015 2:14:00 AM org.apache.catalina.startup.VersionLoggerListener log
INFORMACIÓN: Java Home:             C:\Program Files\Java\jre7
may 05, 2015 2:14:00 AM org.apache.catalina.startup.VersionLoggerListener log
INFORMACIÓN: JVM Version:           1.7.0_75-b13
may 05, 2015 2:14:00 AM org.apache.catalina.startup.VersionLoggerListener log
INFORMACIÓN: JVM Vendor:            Oracle Corporation
may 05, 2015 2:14:00 AM org.apache.catalina.startup.VersionLoggerListener log
INFORMACIÓN: CATALINA_BASE:         C:\Users\Isabel\Desktop\ASTP\Tomcat_axis2
may 05, 2015 2:14:00 AM org.apache.catalina.startup.VersionLoggerListener log
INFORMACIÓN: CATALINA_HOME:         C:\Users\Isabel\Desktop\ASTP\Tomcat_axis2
may 05, 2015 2:14:00 AM org.apache.catalina.startup.VersionLoggerListener log
INFORMACIÓN: Command line argument: -Djava.util.logging.config.file=C:\Users\Isabel\Desktop\ASTP\Tomcat_axis2\conf\logging.properties
may 05, 2015 2:14:00 AM org.apache.catalina.startup.VersionLoggerListener log
INFORMACIÓN: Command line argument: -Djava.util.logging.manager=org.apache.juli.ClassLoaderLogManager
may 05, 2015 2:14:00 AM org.apache.catalina.startup.VersionLoggerListener log
INFORMACIÓN: Command line argument: -Djava.endorsed.dirs=C:\Users\Isabel\Desktop\ASTP\Tomcat_axis2\endorsed
may 05, 2015 2:14:00 AM org.apache.catalina.startup.VersionLoggerListener log
INFORMACIÓN: Command line argument: -Dcatalina.base=C:\Users\Isabel\Desktop\ASTP\Tomcat_axis2
may 05, 2015 2:14:00 AM org.apache.catalina.startup.VersionLoggerListener log
INFORMACIÓN: Command line argument: -Dcatalina.home=C:\Users\Isabel\Desktop\ASTP\Tomcat_axis2
may 05, 2015 2:14:00 AM org.apache.catalina.startup.VersionLoggerListener log
INFORMACIÓN: Command line argument: -Djava.io.tmpdir=C:\Users\Isabel\Desktop\ASTP\Tomcat_axis2\temp
may 05, 2015 2:14:00 AM org.apache.catalina.core.AprLifecycleListener lifecycleEvent
INFORMACIÓN: La biblioteca nativa de Apache Tomcat basada en ARP que permite un rendimiento óptimo en entornos de desarrollo no ha sido hallada en java.library.path: C:\Program Files\Java\jre7\bin;C:\Windows\Sun\Java\bin;C:\Windows\system32;C:\Windows;C:\Windows\system32;C:\Windows;C:\Windows\System32\Wbem;C:\Windows\System32\WindowsPowerShell\v1.0\;C:\Users\Isabel\Desktop\apache-ant-1.9.4\bin; C:\Program Files\Java\jdk1.7.0_75\bin;.
may 05, 2015 2:14:00 AM org.apache.coyote.AbstractProtocol init
INFORMACIÓN: Initializing ProtocolHandler ["http-bio-8080"]
may 05, 2015 2:14:00 AM org.apache.coyote.AbstractProtocol init
INFORMACIÓN: Initializing ProtocolHandler ["ajp-bio-8009"]
may 05, 2015 2:14:00 AM org.apache.catalina.startup.Catalina load
INFORMACIÓN: Initialization processed in 1923 ms
may 05, 2015 2:14:01 AM org.apache.catalina.core.StandardService startInternal
INFORMACIÓN: Arrancando servicio Catalina
may 05, 2015 2:14:01 AM org.apache.catalina.core.StandardEngine startInternal
INFORMACIÓN: Starting Servlet Engine: Apache Tomcat/7.0.59
may 05, 2015 2:14:01 AM org.apache.catalina.startup.HostConfig deployWAR
INFORMACIÓN: Despliegue del archivo C:\Users\Isabel\Desktop\ASTP\Tomcat_axis2\webapps\axis2.war de la aplicación web
may 05, 2015 2:14:08 AM org.apache.catalina.util.SessionIdGeneratorBase createSecureRandom
INFORMACIÓN: Creation of SecureRandom instance for session ID generation using [SHA1PRNG] took [220] milliseconds.
may 05, 2015 2:14:17 AM org.apache.catalina.startup.HostConfig deployWAR
INFORMACIÓN: Deployment of web application archive C:\Users\Isabel\Desktop\ASTP\Tomcat_axis2\webapps\axis2.war has finished in 16.241 ms
may 05, 2015 2:14:17 AM org.apache.catalina.startup.HostConfig deployDirectory
INFORMACIÓN: Despliegue del directorio C:\Users\Isabel\Desktop\ASTP\Tomcat_axis2\webapps\docs de la aplicación web
may 05, 2015 2:14:17 AM org.apache.catalina.startup.HostConfig deployDirectory
INFORMACIÓN: Deployment of web application directory C:\Users\Isabel\Desktop\ASTP\Tomcat_axis2\webapps\docs has finished in 557 ms
may 05, 2015 2:14:17 AM org.apache.catalina.startup.HostConfig deployDirectory
INFORMACIÓN: Despliegue del directorio C:\Users\Isabel\Desktop\ASTP\Tomcat_axis2\webapps\examples de la aplicación web
may 05, 2015 2:14:19 AM org.apache.catalina.startup.HostConfig deployDirectory
INFORMACIÓN: Deployment of web application directory C:\Users\Isabel\Desktop\ASTP\Tomcat_axis2\webapps\examples has finished in 1.260 ms
may 05, 2015 2:14:19 AM org.apache.catalina.startup.HostConfig deployDirectory
INFORMACIÓN: Despliegue del directorio C:\Users\Isabel\Desktop\ASTP\Tomcat_axis2\webapps\host-manager de la aplicación web
may 05, 2015 2:14:19 AM org.apache.catalina.startup.HostConfig deployDirectory
INFORMACIÓN: Deployment of web application directory C:\Users\Isabel\Desktop\ASTP\Tomcat_axis2\webapps\host-manager has finished in 372 ms
may 05, 2015 2:14:19 AM org.apache.catalina.startup.HostConfig deployDirectory
INFORMACIÓN: Despliegue del directorio C:\Users\Isabel\Desktop\ASTP\Tomcat_axis2\webapps\manager de la aplicación web
may 05, 2015 2:14:20 AM org.apache.catalina.startup.HostConfig deployDirectory
INFORMACIÓN: Deployment of web application directory C:\Users\Isabel\Desktop\ASTP\Tomcat_axis2\webapps\manager has finished in 579 ms
may 05, 2015 2:14:20 AM org.apache.catalina.startup.HostConfig deployDirectory
INFORMACIÓN: Despliegue del directorio C:\Users\Isabel\Desktop\ASTP\Tomcat_axis2\webapps\ROOT de la aplicación web
may 05, 2015 2:14:20 AM org.apache.catalina.startup.HostConfig deployDirectory
INFORMACIÓN: Deployment of web application directory C:\Users\Isabel\Desktop\ASTP\Tomcat_axis2\webapps\ROOT has finished in 451 ms
may 05, 2015 2:14:20 AM org.apache.coyote.AbstractProtocol start
INFORMACIÓN: Starting ProtocolHandler ["http-bio-8080"]
may 05, 2015 2:14:20 AM org.apache.coyote.AbstractProtocol start
INFORMACIÓN: Starting ProtocolHandler ["ajp-bio-8009"]
may 05, 2015 2:14:20 AM org.apache.catalina.startup.Catalina start
INFORMACIÓN: Server startup in 19645 ms
may 05, 2015 2:18:07 AM org.apache.coyote.AbstractProtocol pause
INFORMACIÓN: Pausing ProtocolHandler ["http-bio-8080"]
may 05, 2015 2:18:07 AM org.apache.coyote.AbstractProtocol pause
INFORMACIÓN: Pausing ProtocolHandler ["ajp-bio-8009"]
may 05, 2015 2:18:07 AM org.apache.catalina.core.StandardService stopInternal
INFORMACIÓN: Parando servicio Catalina
may 05, 2015 2:18:07 AM org.apache.catalina.loader.WebappClassLoader clearReferencesThreads
GRAVE: La aplicación web [/axis2] parece haber arrancado un hilo llamado [Abandoned connection cleanup thread] pero no ha podido pararlo. Esto tiene todas las papeletas de convertirse en un fallo de memoria.
may 05, 2015 2:18:07 AM org.apache.catalina.loader.WebappClassLoader checkThreadLocalMapForLeaks
GRAVE: La aplicación web [/axis2] creó un ThreadLocal con clave del tipo [org.apache.axiom.util.UIDGenerator$1] (valor [org.apache.axiom.util.UIDGenerator$1@5f317c78]) y un valor del tipo [long[]] (valor [[J@29e2db1b]) pero no pudo quitarlo cuando la aplicación web se paró. Los hilos se van a renovar con el tiempo para intentar evitar in posible fallo de memoria.
may 05, 2015 2:18:07 AM org.apache.catalina.loader.WebappClassLoader checkThreadLocalMapForLeaks
GRAVE: La aplicación web [/axis2] creó un ThreadLocal con clave del tipo [org.apache.axiom.util.UIDGenerator$1] (valor [org.apache.axiom.util.UIDGenerator$1@5f317c78]) y un valor del tipo [long[]] (valor [[J@6c9edf18]) pero no pudo quitarlo cuando la aplicación web se paró. Los hilos se van a renovar con el tiempo para intentar evitar in posible fallo de memoria.
may 05, 2015 2:18:07 AM org.apache.catalina.loader.WebappClassLoader checkThreadLocalMapForLeaks
GRAVE: La aplicación web [/axis2] creó un ThreadLocal con clave del tipo [org.apache.axiom.util.UIDGenerator$1] (valor [org.apache.axiom.util.UIDGenerator$1@5f317c78]) y un valor del tipo [long[]] (valor [[J@3248d85e]) pero no pudo quitarlo cuando la aplicación web se paró. Los hilos se van a renovar con el tiempo para intentar evitar in posible fallo de memoria.
may 05, 2015 2:18:07 AM org.apache.catalina.loader.WebappClassLoader checkThreadLocalMapForLeaks
GRAVE: La aplicación web [/axis2] creó un ThreadLocal con clave del tipo [org.apache.axiom.util.UIDGenerator$1] (valor [org.apache.axiom.util.UIDGenerator$1@5f317c78]) y un valor del tipo [long[]] (valor [[J@4c751d1c]) pero no pudo quitarlo cuando la aplicación web se paró. Los hilos se van a renovar con el tiempo para intentar evitar in posible fallo de memoria.
may 05, 2015 2:18:07 AM org.apache.catalina.loader.WebappClassLoader checkThreadLocalMapForLeaks
GRAVE: La aplicación web [/axis2] creó un ThreadLocal con clave del tipo [org.apache.axiom.util.UIDGenerator$1] (valor [org.apache.axiom.util.UIDGenerator$1@5f317c78]) y un valor del tipo [long[]] (valor [[J@1cca407b]) pero no pudo quitarlo cuando la aplicación web se paró. Los hilos se van a renovar con el tiempo para intentar evitar in posible fallo de memoria.
may 05, 2015 2:18:07 AM org.apache.coyote.AbstractProtocol stop
INFORMACIÓN: Stopping ProtocolHandler ["http-bio-8080"]
may 05, 2015 2:18:07 AM org.apache.coyote.AbstractProtocol stop
INFORMACIÓN: Stopping ProtocolHandler ["ajp-bio-8009"]
may 05, 2015 2:18:07 AM org.apache.coyote.AbstractProtocol destroy
INFORMACIÓN: Destroying ProtocolHandler ["http-bio-8080"]
may 05, 2015 2:18:07 AM org.apache.coyote.AbstractProtocol destroy
INFORMACIÓN: Destroying ProtocolHandler ["ajp-bio-8009"]
may 05, 2015 2:18:18 AM org.apache.catalina.startup.VersionLoggerListener log
INFORMACIÓN: Server version:        Apache Tomcat/7.0.59
may 05, 2015 2:18:18 AM org.apache.catalina.startup.VersionLoggerListener log
INFORMACIÓN: Server built:          Jan 28 2015 15:51:10 UTC
may 05, 2015 2:18:18 AM org.apache.catalina.startup.VersionLoggerListener log
INFORMACIÓN: Server number:         7.0.59.0
may 05, 2015 2:18:18 AM org.apache.catalina.startup.VersionLoggerListener log
INFORMACIÓN: OS Name:               Windows 7
may 05, 2015 2:18:18 AM org.apache.catalina.startup.VersionLoggerListener log
INFORMACIÓN: OS Version:            6.1
may 05, 2015 2:18:18 AM org.apache.catalina.startup.VersionLoggerListener log
INFORMACIÓN: Architecture:          amd64
may 05, 2015 2:18:18 AM org.apache.catalina.startup.VersionLoggerListener log
INFORMACIÓN: Java Home:             C:\Program Files\Java\jre7
may 05, 2015 2:18:18 AM org.apache.catalina.startup.VersionLoggerListener log
INFORMACIÓN: JVM Version:           1.7.0_75-b13
may 05, 2015 2:18:18 AM org.apache.catalina.startup.VersionLoggerListener log
INFORMACIÓN: JVM Vendor:            Oracle Corporation
may 05, 2015 2:18:18 AM org.apache.catalina.startup.VersionLoggerListener log
INFORMACIÓN: CATALINA_BASE:         C:\Users\Isabel\Desktop\ASTP\Tomcat_axis2
may 05, 2015 2:18:18 AM org.apache.catalina.startup.VersionLoggerListener log
INFORMACIÓN: CATALINA_HOME:         C:\Users\Isabel\Desktop\ASTP\Tomcat_axis2
may 05, 2015 2:18:18 AM org.apache.catalina.startup.VersionLoggerListener log
INFORMACIÓN: Command line argument: -Djava.util.logging.config.file=C:\Users\Isabel\Desktop\ASTP\Tomcat_axis2\conf\logging.properties
may 05, 2015 2:18:18 AM org.apache.catalina.startup.VersionLoggerListener log
INFORMACIÓN: Command line argument: -Djava.util.logging.manager=org.apache.juli.ClassLoaderLogManager
may 05, 2015 2:18:18 AM org.apache.catalina.startup.VersionLoggerListener log
INFORMACIÓN: Command line argument: -Djava.endorsed.dirs=C:\Users\Isabel\Desktop\ASTP\Tomcat_axis2\endorsed
may 05, 2015 2:18:18 AM org.apache.catalina.startup.VersionLoggerListener log
INFORMACIÓN: Command line argument: -Dcatalina.base=C:\Users\Isabel\Desktop\ASTP\Tomcat_axis2
may 05, 2015 2:18:18 AM org.apache.catalina.startup.VersionLoggerListener log
INFORMACIÓN: Command line argument: -Dcatalina.home=C:\Users\Isabel\Desktop\ASTP\Tomcat_axis2
may 05, 2015 2:18:18 AM org.apache.catalina.startup.VersionLoggerListener log
INFORMACIÓN: Command line argument: -Djava.io.tmpdir=C:\Users\Isabel\Desktop\ASTP\Tomcat_axis2\temp
may 05, 2015 2:18:18 AM org.apache.catalina.core.AprLifecycleListener lifecycleEvent
INFORMACIÓN: La biblioteca nativa de Apache Tomcat basada en ARP que permite un rendimiento óptimo en entornos de desarrollo no ha sido hallada en java.library.path: C:\Program Files\Java\jre7\bin;C:\Windows\Sun\Java\bin;C:\Windows\system32;C:\Windows;C:\Windows\system32;C:\Windows;C:\Windows\System32\Wbem;C:\Windows\System32\WindowsPowerShell\v1.0\;C:\Users\Isabel\Desktop\apache-ant-1.9.4\bin; C:\Program Files\Java\jdk1.7.0_75\bin;.
may 05, 2015 2:18:18 AM org.apache.coyote.AbstractProtocol init
INFORMACIÓN: Initializing ProtocolHandler ["http-bio-8080"]
may 05, 2015 2:18:18 AM org.apache.coyote.AbstractProtocol init
INFORMACIÓN: Initializing ProtocolHandler ["ajp-bio-8009"]
may 05, 2015 2:18:18 AM org.apache.catalina.startup.Catalina load
INFORMACIÓN: Initialization processed in 1692 ms
may 05, 2015 2:18:18 AM org.apache.catalina.core.StandardService startInternal
INFORMACIÓN: Arrancando servicio Catalina
may 05, 2015 2:18:18 AM org.apache.catalina.core.StandardEngine startInternal
INFORMACIÓN: Starting Servlet Engine: Apache Tomcat/7.0.59
may 05, 2015 2:18:18 AM org.apache.catalina.startup.HostConfig deployWAR
INFORMACIÓN: Despliegue del archivo C:\Users\Isabel\Desktop\ASTP\Tomcat_axis2\webapps\axis2.war de la aplicación web
may 05, 2015 2:18:26 AM org.apache.catalina.util.SessionIdGeneratorBase createSecureRandom
INFORMACIÓN: Creation of SecureRandom instance for session ID generation using [SHA1PRNG] took [183] milliseconds.
may 05, 2015 2:18:37 AM org.apache.catalina.startup.HostConfig deployWAR
INFORMACIÓN: Deployment of web application archive C:\Users\Isabel\Desktop\ASTP\Tomcat_axis2\webapps\axis2.war has finished in 19.073 ms
may 05, 2015 2:18:37 AM org.apache.catalina.startup.HostConfig deployDirectory
INFORMACIÓN: Despliegue del directorio C:\Users\Isabel\Desktop\ASTP\Tomcat_axis2\webapps\docs de la aplicación web
may 05, 2015 2:18:38 AM org.apache.catalina.startup.HostConfig deployDirectory
INFORMACIÓN: Deployment of web application directory C:\Users\Isabel\Desktop\ASTP\Tomcat_axis2\webapps\docs has finished in 390 ms
may 05, 2015 2:18:38 AM org.apache.catalina.startup.HostConfig deployDirectory
INFORMACIÓN: Despliegue del directorio C:\Users\Isabel\Desktop\ASTP\Tomcat_axis2\webapps\examples de la aplicación web
may 05, 2015 2:18:39 AM org.apache.catalina.startup.HostConfig deployDirectory
INFORMACIÓN: Deployment of web application directory C:\Users\Isabel\Desktop\ASTP\Tomcat_axis2\webapps\examples has finished in 843 ms
may 05, 2015 2:18:39 AM org.apache.catalina.startup.HostConfig deployDirectory
INFORMACIÓN: Despliegue del directorio C:\Users\Isabel\Desktop\ASTP\Tomcat_axis2\webapps\host-manager de la aplicación web
may 05, 2015 2:18:39 AM org.apache.catalina.startup.HostConfig deployDirectory
INFORMACIÓN: Deployment of web application directory C:\Users\Isabel\Desktop\ASTP\Tomcat_axis2\webapps\host-manager has finished in 382 ms
may 05, 2015 2:18:39 AM org.apache.catalina.startup.HostConfig deployDirectory
INFORMACIÓN: Despliegue del directorio C:\Users\Isabel\Desktop\ASTP\Tomcat_axis2\webapps\manager de la aplicación web
may 05, 2015 2:18:39 AM org.apache.catalina.startup.HostConfig deployDirectory
INFORMACIÓN: Deployment of web application directory C:\Users\Isabel\Desktop\ASTP\Tomcat_axis2\webapps\manager has finished in 332 ms
may 05, 2015 2:18:39 AM org.apache.catalina.startup.HostConfig deployDirectory
INFORMACIÓN: Despliegue del directorio C:\Users\Isabel\Desktop\ASTP\Tomcat_axis2\webapps\ROOT de la aplicación web
may 05, 2015 2:18:40 AM org.apache.catalina.startup.HostConfig deployDirectory
INFORMACIÓN: Deployment of web application directory C:\Users\Isabel\Desktop\ASTP\Tomcat_axis2\webapps\ROOT has finished in 282 ms
may 05, 2015 2:18:40 AM org.apache.coyote.AbstractProtocol start
INFORMACIÓN: Starting ProtocolHandler ["http-bio-8080"]
may 05, 2015 2:18:40 AM org.apache.coyote.AbstractProtocol start
INFORMACIÓN: Starting ProtocolHandler ["ajp-bio-8009"]
may 05, 2015 2:18:40 AM org.apache.catalina.startup.Catalina start
INFORMACIÓN: Server startup in 21561 ms
may 05, 2015 2:41:40 AM org.apache.coyote.AbstractProtocol pause
INFORMACIÓN: Pausing ProtocolHandler ["http-bio-8080"]
may 05, 2015 2:41:40 AM org.apache.coyote.AbstractProtocol pause
INFORMACIÓN: Pausing ProtocolHandler ["ajp-bio-8009"]
may 05, 2015 2:41:40 AM org.apache.catalina.core.StandardService stopInternal
INFORMACIÓN: Parando servicio Catalina
may 05, 2015 2:41:40 AM org.apache.catalina.loader.WebappClassLoader clearReferencesThreads
GRAVE: La aplicación web [/axis2] parece haber arrancado un hilo llamado [Timer-1] pero no ha podido pararlo. Esto tiene todas las papeletas de convertirse en un fallo de memoria.
may 05, 2015 2:41:40 AM org.apache.catalina.loader.WebappClassLoader clearReferencesThreads
GRAVE: La aplicación web [/axis2] parece haber arrancado un hilo llamado [MultiThreadedHttpConnectionManager cleanup] pero no ha podido pararlo. Esto tiene todas las papeletas de convertirse en un fallo de memoria.
may 05, 2015 2:41:40 AM org.apache.catalina.loader.WebappClassLoader clearReferencesThreads
GRAVE: La aplicación web [/axis2] parece haber arrancado un hilo llamado [Abandoned connection cleanup thread] pero no ha podido pararlo. Esto tiene todas las papeletas de convertirse en un fallo de memoria.
may 05, 2015 2:41:40 AM org.apache.catalina.loader.WebappClassLoader checkThreadLocalMapForLeaks
GRAVE: La aplicación web [/axis2] creó un ThreadLocal con clave del tipo [org.apache.axiom.util.UIDGenerator$1] (valor [org.apache.axiom.util.UIDGenerator$1@18f907bd]) y un valor del tipo [long[]] (valor [[J@56b161a]) pero no pudo quitarlo cuando la aplicación web se paró. Los hilos se van a renovar con el tiempo para intentar evitar in posible fallo de memoria.
may 05, 2015 2:41:40 AM org.apache.catalina.loader.WebappClassLoader checkThreadLocalMapForLeaks
GRAVE: La aplicación web [/axis2] creó un ThreadLocal con clave del tipo [org.apache.axiom.util.UIDGenerator$1] (valor [org.apache.axiom.util.UIDGenerator$1@18f907bd]) y un valor del tipo [long[]] (valor [[J@397807bd]) pero no pudo quitarlo cuando la aplicación web se paró. Los hilos se van a renovar con el tiempo para intentar evitar in posible fallo de memoria.
may 05, 2015 2:41:40 AM org.apache.catalina.loader.WebappClassLoader checkThreadLocalMapForLeaks
GRAVE: La aplicación web [/axis2] creó un ThreadLocal con clave del tipo [org.apache.axiom.util.UIDGenerator$1] (valor [org.apache.axiom.util.UIDGenerator$1@18f907bd]) y un valor del tipo [long[]] (valor [[J@774426c4]) pero no pudo quitarlo cuando la aplicación web se paró. Los hilos se van a renovar con el tiempo para intentar evitar in posible fallo de memoria.
may 05, 2015 2:41:40 AM org.apache.catalina.loader.WebappClassLoader checkThreadLocalMapForLeaks
GRAVE: La aplicación web [/axis2] creó un ThreadLocal con clave del tipo [org.apache.axiom.util.UIDGenerator$1] (valor [org.apache.axiom.util.UIDGenerator$1@18f907bd]) y un valor del tipo [long[]] (valor [[J@1b4d4b08]) pero no pudo quitarlo cuando la aplicación web se paró. Los hilos se van a renovar con el tiempo para intentar evitar in posible fallo de memoria.
may 05, 2015 2:41:40 AM org.apache.catalina.loader.WebappClassLoader checkThreadLocalMapForLeaks
GRAVE: La aplicación web [/axis2] creó un ThreadLocal con clave del tipo [org.apache.axiom.util.UIDGenerator$1] (valor [org.apache.axiom.util.UIDGenerator$1@18f907bd]) y un valor del tipo [long[]] (valor [[J@4a471f6d]) pero no pudo quitarlo cuando la aplicación web se paró. Los hilos se van a renovar con el tiempo para intentar evitar in posible fallo de memoria.
may 05, 2015 2:41:40 AM org.apache.catalina.loader.WebappClassLoader checkThreadLocalMapForLeaks
GRAVE: La aplicación web [/axis2] creó un ThreadLocal con clave del tipo [org.apache.axiom.util.UIDGenerator$1] (valor [org.apache.axiom.util.UIDGenerator$1@18f907bd]) y un valor del tipo [long[]] (valor [[J@3605334]) pero no pudo quitarlo cuando la aplicación web se paró. Los hilos se van a renovar con el tiempo para intentar evitar in posible fallo de memoria.
may 05, 2015 2:41:40 AM org.apache.catalina.loader.WebappClassLoader checkThreadLocalMapForLeaks
GRAVE: La aplicación web [/axis2] creó un ThreadLocal con clave del tipo [org.apache.axiom.util.UIDGenerator$1] (valor [org.apache.axiom.util.UIDGenerator$1@18f907bd]) y un valor del tipo [long[]] (valor [[J@28f67ca7]) pero no pudo quitarlo cuando la aplicación web se paró. Los hilos se van a renovar con el tiempo para intentar evitar in posible fallo de memoria.
may 05, 2015 2:41:40 AM org.apache.catalina.loader.WebappClassLoader checkThreadLocalMapForLeaks
GRAVE: La aplicación web [/axis2] creó un ThreadLocal con clave del tipo [org.apache.axiom.util.UIDGenerator$1] (valor [org.apache.axiom.util.UIDGenerator$1@18f907bd]) y un valor del tipo [long[]] (valor [[J@4e71ccf3]) pero no pudo quitarlo cuando la aplicación web se paró. Los hilos se van a renovar con el tiempo para intentar evitar in posible fallo de memoria.
may 05, 2015 2:41:40 AM org.apache.catalina.loader.WebappClassLoader checkThreadLocalMapForLeaks
GRAVE: La aplicación web [/axis2] creó un ThreadLocal con clave del tipo [org.apache.axiom.util.UIDGenerator$1] (valor [org.apache.axiom.util.UIDGenerator$1@18f907bd]) y un valor del tipo [long[]] (valor [[J@11468dc1]) pero no pudo quitarlo cuando la aplicación web se paró. Los hilos se van a renovar con el tiempo para intentar evitar in posible fallo de memoria.
may 05, 2015 2:41:40 AM org.apache.coyote.AbstractProtocol stop
INFORMACIÓN: Stopping ProtocolHandler ["http-bio-8080"]
may 05, 2015 2:41:40 AM org.apache.coyote.AbstractProtocol stop
INFORMACIÓN: Stopping ProtocolHandler ["ajp-bio-8009"]
may 05, 2015 2:41:40 AM org.apache.coyote.AbstractProtocol destroy
INFORMACIÓN: Destroying ProtocolHandler ["http-bio-8080"]
may 05, 2015 2:41:40 AM org.apache.coyote.AbstractProtocol destroy
INFORMACIÓN: Destroying ProtocolHandler ["ajp-bio-8009"]
may 05, 2015 2:42:03 AM org.apache.catalina.startup.VersionLoggerListener log
INFORMACIÓN: Server version:        Apache Tomcat/7.0.59
may 05, 2015 2:42:03 AM org.apache.catalina.startup.VersionLoggerListener log
INFORMACIÓN: Server built:          Jan 28 2015 15:51:10 UTC
may 05, 2015 2:42:03 AM org.apache.catalina.startup.VersionLoggerListener log
INFORMACIÓN: Server number:         7.0.59.0
may 05, 2015 2:42:03 AM org.apache.catalina.startup.VersionLoggerListener log
INFORMACIÓN: OS Name:               Windows 7
may 05, 2015 2:42:03 AM org.apache.catalina.startup.VersionLoggerListener log
INFORMACIÓN: OS Version:            6.1
may 05, 2015 2:42:03 AM org.apache.catalina.startup.VersionLoggerListener log
INFORMACIÓN: Architecture:          amd64
may 05, 2015 2:42:03 AM org.apache.catalina.startup.VersionLoggerListener log
INFORMACIÓN: Java Home:             C:\Program Files\Java\jre7
may 05, 2015 2:42:03 AM org.apache.catalina.startup.VersionLoggerListener log
INFORMACIÓN: JVM Version:           1.7.0_75-b13
may 05, 2015 2:42:03 AM org.apache.catalina.startup.VersionLoggerListener log
INFORMACIÓN: JVM Vendor:            Oracle Corporation
may 05, 2015 2:42:03 AM org.apache.catalina.startup.VersionLoggerListener log
INFORMACIÓN: CATALINA_BASE:         C:\Users\Isabel\Desktop\ASTP\Tomcat_axis2
may 05, 2015 2:42:03 AM org.apache.catalina.startup.VersionLoggerListener log
INFORMACIÓN: CATALINA_HOME:         C:\Users\Isabel\Desktop\ASTP\Tomcat_axis2
may 05, 2015 2:42:03 AM org.apache.catalina.startup.VersionLoggerListener log
INFORMACIÓN: Command line argument: -Djava.util.logging.config.file=C:\Users\Isabel\Desktop\ASTP\Tomcat_axis2\conf\logging.properties
may 05, 2015 2:42:03 AM org.apache.catalina.startup.VersionLoggerListener log
INFORMACIÓN: Command line argument: -Djava.util.logging.manager=org.apache.juli.ClassLoaderLogManager
may 05, 2015 2:42:03 AM org.apache.catalina.startup.VersionLoggerListener log
INFORMACIÓN: Command line argument: -Djava.endorsed.dirs=C:\Users\Isabel\Desktop\ASTP\Tomcat_axis2\endorsed
may 05, 2015 2:42:03 AM org.apache.catalina.startup.VersionLoggerListener log
INFORMACIÓN: Command line argument: -Dcatalina.base=C:\Users\Isabel\Desktop\ASTP\Tomcat_axis2
may 05, 2015 2:42:03 AM org.apache.catalina.startup.VersionLoggerListener log
INFORMACIÓN: Command line argument: -Dcatalina.home=C:\Users\Isabel\Desktop\ASTP\Tomcat_axis2
may 05, 2015 2:42:03 AM org.apache.catalina.startup.VersionLoggerListener log
INFORMACIÓN: Command line argument: -Djava.io.tmpdir=C:\Users\Isabel\Desktop\ASTP\Tomcat_axis2\temp
may 05, 2015 2:42:03 AM org.apache.catalina.core.AprLifecycleListener lifecycleEvent
INFORMACIÓN: La biblioteca nativa de Apache Tomcat basada en ARP que permite un rendimiento óptimo en entornos de desarrollo no ha sido hallada en java.library.path: C:\Program Files\Java\jre7\bin;C:\Windows\Sun\Java\bin;C:\Windows\system32;C:\Windows;C:\Windows\system32;C:\Windows;C:\Windows\System32\Wbem;C:\Windows\System32\WindowsPowerShell\v1.0\;C:\Users\Isabel\Desktop\apache-ant-1.9.4\bin; C:\Program Files\Java\jdk1.7.0_75\bin;.
may 05, 2015 2:42:04 AM org.apache.coyote.AbstractProtocol init
INFORMACIÓN: Initializing ProtocolHandler ["http-bio-8080"]
may 05, 2015 2:42:04 AM org.apache.coyote.AbstractProtocol init
INFORMACIÓN: Initializing ProtocolHandler ["ajp-bio-8009"]
may 05, 2015 2:42:04 AM org.apache.catalina.startup.Catalina load
INFORMACIÓN: Initialization processed in 1729 ms
may 05, 2015 2:42:04 AM org.apache.catalina.core.StandardService startInternal
INFORMACIÓN: Arrancando servicio Catalina
may 05, 2015 2:42:04 AM org.apache.catalina.core.StandardEngine startInternal
INFORMACIÓN: Starting Servlet Engine: Apache Tomcat/7.0.59
may 05, 2015 2:42:04 AM org.apache.catalina.startup.HostConfig deployWAR
INFORMACIÓN: Despliegue del archivo C:\Users\Isabel\Desktop\ASTP\Tomcat_axis2\webapps\axis2.war de la aplicación web
may 05, 2015 2:42:13 AM org.apache.catalina.util.SessionIdGeneratorBase createSecureRandom
INFORMACIÓN: Creation of SecureRandom instance for session ID generation using [SHA1PRNG] took [550] milliseconds.
may 05, 2015 2:42:16 AM org.apache.catalina.startup.HostConfig deployWAR
INFORMACIÓN: Deployment of web application archive C:\Users\Isabel\Desktop\ASTP\Tomcat_axis2\webapps\axis2.war has finished in 12.589 ms
may 05, 2015 2:42:17 AM org.apache.catalina.startup.HostConfig deployDirectory
INFORMACIÓN: Despliegue del directorio C:\Users\Isabel\Desktop\ASTP\Tomcat_axis2\webapps\docs de la aplicación web
may 05, 2015 2:42:17 AM org.apache.catalina.startup.HostConfig deployDirectory
INFORMACIÓN: Deployment of web application directory C:\Users\Isabel\Desktop\ASTP\Tomcat_axis2\webapps\docs has finished in 444 ms
may 05, 2015 2:42:17 AM org.apache.catalina.startup.HostConfig deployDirectory
INFORMACIÓN: Despliegue del directorio C:\Users\Isabel\Desktop\ASTP\Tomcat_axis2\webapps\examples de la aplicación web
may 05, 2015 2:42:18 AM org.apache.catalina.startup.HostConfig deployDirectory
INFORMACIÓN: Deployment of web application directory C:\Users\Isabel\Desktop\ASTP\Tomcat_axis2\webapps\examples has finished in 1.044 ms
may 05, 2015 2:42:18 AM org.apache.catalina.startup.HostConfig deployDirectory
INFORMACIÓN: Despliegue del directorio C:\Users\Isabel\Desktop\ASTP\Tomcat_axis2\webapps\host-manager de la aplicación web
may 05, 2015 2:42:18 AM org.apache.catalina.startup.HostConfig deployDirectory
INFORMACIÓN: Deployment of web application directory C:\Users\Isabel\Desktop\ASTP\Tomcat_axis2\webapps\host-manager has finished in 301 ms
may 05, 2015 2:42:18 AM org.apache.catalina.startup.HostConfig deployDirectory
INFORMACIÓN: Despliegue del directorio C:\Users\Isabel\Desktop\ASTP\Tomcat_axis2\webapps\manager de la aplicación web
may 05, 2015 2:42:19 AM org.apache.catalina.startup.HostConfig deployDirectory
INFORMACIÓN: Deployment of web application directory C:\Users\Isabel\Desktop\ASTP\Tomcat_axis2\webapps\manager has finished in 307 ms
may 05, 2015 2:42:19 AM org.apache.catalina.startup.HostConfig deployDirectory
INFORMACIÓN: Despliegue del directorio C:\Users\Isabel\Desktop\ASTP\Tomcat_axis2\webapps\ROOT de la aplicación web
may 05, 2015 2:42:19 AM org.apache.catalina.startup.HostConfig deployDirectory
INFORMACIÓN: Deployment of web application directory C:\Users\Isabel\Desktop\ASTP\Tomcat_axis2\webapps\ROOT has finished in 387 ms
may 05, 2015 2:42:19 AM org.apache.coyote.AbstractProtocol start
INFORMACIÓN: Starting ProtocolHandler ["http-bio-8080"]
may 05, 2015 2:42:19 AM org.apache.coyote.AbstractProtocol start
INFORMACIÓN: Starting ProtocolHandler ["ajp-bio-8009"]
may 05, 2015 2:42:19 AM org.apache.catalina.startup.Catalina start
INFORMACIÓN: Server startup in 15397 ms
may 05, 2015 2:46:37 AM org.apache.coyote.AbstractProtocol pause
INFORMACIÓN: Pausing ProtocolHandler ["http-bio-8080"]
may 05, 2015 2:46:37 AM org.apache.coyote.AbstractProtocol pause
INFORMACIÓN: Pausing ProtocolHandler ["ajp-bio-8009"]
may 05, 2015 2:46:37 AM org.apache.catalina.core.StandardService stopInternal
INFORMACIÓN: Parando servicio Catalina
may 05, 2015 2:46:37 AM org.apache.coyote.AbstractProtocol stop
INFORMACIÓN: Stopping ProtocolHandler ["http-bio-8080"]
may 05, 2015 2:46:37 AM org.apache.coyote.AbstractProtocol stop
INFORMACIÓN: Stopping ProtocolHandler ["ajp-bio-8009"]
may 05, 2015 2:46:37 AM org.apache.coyote.AbstractProtocol destroy
INFORMACIÓN: Destroying ProtocolHandler ["http-bio-8080"]
may 05, 2015 2:46:37 AM org.apache.coyote.AbstractProtocol destroy
INFORMACIÓN: Destroying ProtocolHandler ["ajp-bio-8009"]
may 05, 2015 2:46:53 AM org.apache.catalina.startup.VersionLoggerListener log
INFORMACIÓN: Server version:        Apache Tomcat/7.0.59
may 05, 2015 2:46:53 AM org.apache.catalina.startup.VersionLoggerListener log
INFORMACIÓN: Server built:          Jan 28 2015 15:51:10 UTC
may 05, 2015 2:46:53 AM org.apache.catalina.startup.VersionLoggerListener log
INFORMACIÓN: Server number:         7.0.59.0
may 05, 2015 2:46:53 AM org.apache.catalina.startup.VersionLoggerListener log
INFORMACIÓN: OS Name:               Windows 7
may 05, 2015 2:46:53 AM org.apache.catalina.startup.VersionLoggerListener log
INFORMACIÓN: OS Version:            6.1
may 05, 2015 2:46:53 AM org.apache.catalina.startup.VersionLoggerListener log
INFORMACIÓN: Architecture:          amd64
may 05, 2015 2:46:54 AM org.apache.catalina.startup.VersionLoggerListener log
INFORMACIÓN: Java Home:             C:\Program Files\Java\jre7
may 05, 2015 2:46:54 AM org.apache.catalina.startup.VersionLoggerListener log
INFORMACIÓN: JVM Version:           1.7.0_75-b13
may 05, 2015 2:46:54 AM org.apache.catalina.startup.VersionLoggerListener log
INFORMACIÓN: JVM Vendor:            Oracle Corporation
may 05, 2015 2:46:54 AM org.apache.catalina.startup.VersionLoggerListener log
INFORMACIÓN: CATALINA_BASE:         C:\Users\Isabel\Desktop\ASTP\Tomcat_axis2
may 05, 2015 2:46:54 AM org.apache.catalina.startup.VersionLoggerListener log
INFORMACIÓN: CATALINA_HOME:         C:\Users\Isabel\Desktop\ASTP\Tomcat_axis2
may 05, 2015 2:46:54 AM org.apache.catalina.startup.VersionLoggerListener log
INFORMACIÓN: Command line argument: -Djava.util.logging.config.file=C:\Users\Isabel\Desktop\ASTP\Tomcat_axis2\conf\logging.properties
may 05, 2015 2:46:54 AM org.apache.catalina.startup.VersionLoggerListener log
INFORMACIÓN: Command line argument: -Djava.util.logging.manager=org.apache.juli.ClassLoaderLogManager
may 05, 2015 2:46:54 AM org.apache.catalina.startup.VersionLoggerListener log
INFORMACIÓN: Command line argument: -Djava.endorsed.dirs=C:\Users\Isabel\Desktop\ASTP\Tomcat_axis2\endorsed
may 05, 2015 2:46:54 AM org.apache.catalina.startup.VersionLoggerListener log
INFORMACIÓN: Command line argument: -Dcatalina.base=C:\Users\Isabel\Desktop\ASTP\Tomcat_axis2
may 05, 2015 2:46:54 AM org.apache.catalina.startup.VersionLoggerListener log
INFORMACIÓN: Command line argument: -Dcatalina.home=C:\Users\Isabel\Desktop\ASTP\Tomcat_axis2
may 05, 2015 2:46:54 AM org.apache.catalina.startup.VersionLoggerListener log
INFORMACIÓN: Command line argument: -Djava.io.tmpdir=C:\Users\Isabel\Desktop\ASTP\Tomcat_axis2\temp
may 05, 2015 2:46:54 AM org.apache.catalina.core.AprLifecycleListener lifecycleEvent
INFORMACIÓN: La biblioteca nativa de Apache Tomcat basada en ARP que permite un rendimiento óptimo en entornos de desarrollo no ha sido hallada en java.library.path: C:\Program Files\Java\jre7\bin;C:\Windows\Sun\Java\bin;C:\Windows\system32;C:\Windows;C:\Windows\system32;C:\Windows;C:\Windows\System32\Wbem;C:\Windows\System32\WindowsPowerShell\v1.0\;C:\Users\Isabel\Desktop\apache-ant-1.9.4\bin; C:\Program Files\Java\jdk1.7.0_75\bin;.
may 05, 2015 2:46:54 AM org.apache.coyote.AbstractProtocol init
INFORMACIÓN: Initializing ProtocolHandler ["http-bio-8080"]
may 05, 2015 2:46:54 AM org.apache.coyote.AbstractProtocol init
INFORMACIÓN: Initializing ProtocolHandler ["ajp-bio-8009"]
may 05, 2015 2:46:54 AM org.apache.catalina.startup.Catalina load
INFORMACIÓN: Initialization processed in 1680 ms
may 05, 2015 2:46:54 AM org.apache.catalina.core.StandardService startInternal
INFORMACIÓN: Arrancando servicio Catalina
may 05, 2015 2:46:54 AM org.apache.catalina.core.StandardEngine startInternal
INFORMACIÓN: Starting Servlet Engine: Apache Tomcat/7.0.59
may 05, 2015 2:46:54 AM org.apache.catalina.startup.HostConfig deployWAR
INFORMACIÓN: Despliegue del archivo C:\Users\Isabel\Desktop\ASTP\Tomcat_axis2\webapps\axis2.war de la aplicación web
may 05, 2015 2:47:02 AM org.apache.catalina.util.SessionIdGeneratorBase createSecureRandom
INFORMACIÓN: Creation of SecureRandom instance for session ID generation using [SHA1PRNG] took [128] milliseconds.
may 05, 2015 2:47:11 AM org.apache.catalina.startup.HostConfig deployWAR
INFORMACIÓN: Deployment of web application archive C:\Users\Isabel\Desktop\ASTP\Tomcat_axis2\webapps\axis2.war has finished in 16.523 ms
may 05, 2015 2:47:11 AM org.apache.catalina.startup.HostConfig deployDirectory
INFORMACIÓN: Despliegue del directorio C:\Users\Isabel\Desktop\ASTP\Tomcat_axis2\webapps\docs de la aplicación web
may 05, 2015 2:47:11 AM org.apache.catalina.startup.HostConfig deployDirectory
INFORMACIÓN: Deployment of web application directory C:\Users\Isabel\Desktop\ASTP\Tomcat_axis2\webapps\docs has finished in 620 ms
may 05, 2015 2:47:11 AM org.apache.catalina.startup.HostConfig deployDirectory
INFORMACIÓN: Despliegue del directorio C:\Users\Isabel\Desktop\ASTP\Tomcat_axis2\webapps\examples de la aplicación web
may 05, 2015 2:47:12 AM org.apache.catalina.startup.HostConfig deployDirectory
INFORMACIÓN: Deployment of web application directory C:\Users\Isabel\Desktop\ASTP\Tomcat_axis2\webapps\examples has finished in 1.155 ms
may 05, 2015 2:47:12 AM org.apache.catalina.startup.HostConfig deployDirectory
INFORMACIÓN: Despliegue del directorio C:\Users\Isabel\Desktop\ASTP\Tomcat_axis2\webapps\host-manager de la aplicación web
may 05, 2015 2:47:13 AM org.apache.catalina.startup.HostConfig deployDirectory
INFORMACIÓN: Deployment of web application directory C:\Users\Isabel\Desktop\ASTP\Tomcat_axis2\webapps\host-manager has finished in 379 ms
may 05, 2015 2:47:13 AM org.apache.catalina.startup.HostConfig deployDirectory
INFORMACIÓN: Despliegue del directorio C:\Users\Isabel\Desktop\ASTP\Tomcat_axis2\webapps\manager de la aplicación web
may 05, 2015 2:47:13 AM org.apache.catalina.startup.HostConfig deployDirectory
INFORMACIÓN: Deployment of web application directory C:\Users\Isabel\Desktop\ASTP\Tomcat_axis2\webapps\manager has finished in 394 ms
may 05, 2015 2:47:13 AM org.apache.catalina.startup.HostConfig deployDirectory
INFORMACIÓN: Despliegue del directorio C:\Users\Isabel\Desktop\ASTP\Tomcat_axis2\webapps\ROOT de la aplicación web
may 05, 2015 2:47:13 AM org.apache.catalina.startup.HostConfig deployDirectory
INFORMACIÓN: Deployment of web application directory C:\Users\Isabel\Desktop\ASTP\Tomcat_axis2\webapps\ROOT has finished in 279 ms
may 05, 2015 2:47:13 AM org.apache.coyote.AbstractProtocol start
INFORMACIÓN: Starting ProtocolHandler ["http-bio-8080"]
may 05, 2015 2:47:14 AM org.apache.coyote.AbstractProtocol start
INFORMACIÓN: Starting ProtocolHandler ["ajp-bio-8009"]
may 05, 2015 2:47:14 AM org.apache.catalina.startup.Catalina start
INFORMACIÓN: Server startup in 19508 ms
may 05, 2015 2:52:35 AM org.apache.coyote.AbstractProtocol pause
INFORMACIÓN: Pausing ProtocolHandler ["http-bio-8080"]
may 05, 2015 2:52:35 AM org.apache.coyote.AbstractProtocol pause
INFORMACIÓN: Pausing ProtocolHandler ["ajp-bio-8009"]
may 05, 2015 2:52:35 AM org.apache.catalina.core.StandardService stopInternal
INFORMACIÓN: Parando servicio Catalina
may 05, 2015 2:52:35 AM org.apache.catalina.loader.WebappClassLoader clearReferencesThreads
GRAVE: La aplicación web [/axis2] parece haber arrancado un hilo llamado [Abandoned connection cleanup thread] pero no ha podido pararlo. Esto tiene todas las papeletas de convertirse en un fallo de memoria.
may 05, 2015 2:52:35 AM org.apache.catalina.loader.WebappClassLoader checkThreadLocalMapForLeaks
GRAVE: La aplicación web [/axis2] creó un ThreadLocal con clave del tipo [org.apache.axiom.util.UIDGenerator$1] (valor [org.apache.axiom.util.UIDGenerator$1@37c69411]) y un valor del tipo [long[]] (valor [[J@4e2304b2]) pero no pudo quitarlo cuando la aplicación web se paró. Los hilos se van a renovar con el tiempo para intentar evitar in posible fallo de memoria.
may 05, 2015 2:52:35 AM org.apache.catalina.loader.WebappClassLoader checkThreadLocalMapForLeaks
GRAVE: La aplicación web [/axis2] creó un ThreadLocal con clave del tipo [org.apache.axiom.util.UIDGenerator$1] (valor [org.apache.axiom.util.UIDGenerator$1@37c69411]) y un valor del tipo [long[]] (valor [[J@5d096a31]) pero no pudo quitarlo cuando la aplicación web se paró. Los hilos se van a renovar con el tiempo para intentar evitar in posible fallo de memoria.
may 05, 2015 2:52:35 AM org.apache.catalina.loader.WebappClassLoader checkThreadLocalMapForLeaks
GRAVE: La aplicación web [/axis2] creó un ThreadLocal con clave del tipo [org.apache.axiom.util.UIDGenerator$1] (valor [org.apache.axiom.util.UIDGenerator$1@37c69411]) y un valor del tipo [long[]] (valor [[J@151ae6af]) pero no pudo quitarlo cuando la aplicación web se paró. Los hilos se van a renovar con el tiempo para intentar evitar in posible fallo de memoria.
may 05, 2015 2:52:35 AM org.apache.catalina.loader.WebappClassLoader checkThreadLocalMapForLeaks
GRAVE: La aplicación web [/axis2] creó un ThreadLocal con clave del tipo [org.apache.axiom.util.UIDGenerator$1] (valor [org.apache.axiom.util.UIDGenerator$1@37c69411]) y un valor del tipo [long[]] (valor [[J@191ef5fc]) pero no pudo quitarlo cuando la aplicación web se paró. Los hilos se van a renovar con el tiempo para intentar evitar in posible fallo de memoria.
may 05, 2015 2:52:35 AM org.apache.catalina.loader.WebappClassLoader checkThreadLocalMapForLeaks
GRAVE: La aplicación web [/axis2] creó un ThreadLocal con clave del tipo [org.apache.axiom.util.UIDGenerator$1] (valor [org.apache.axiom.util.UIDGenerator$1@37c69411]) y un valor del tipo [long[]] (valor [[J@3fa78046]) pero no pudo quitarlo cuando la aplicación web se paró. Los hilos se van a renovar con el tiempo para intentar evitar in posible fallo de memoria.
may 05, 2015 2:52:35 AM org.apache.catalina.loader.WebappClassLoader checkThreadLocalMapForLeaks
GRAVE: La aplicación web [/axis2] creó un ThreadLocal con clave del tipo [org.apache.axiom.util.UIDGenerator$1] (valor [org.apache.axiom.util.UIDGenerator$1@37c69411]) y un valor del tipo [long[]] (valor [[J@dd69450]) pero no pudo quitarlo cuando la aplicación web se paró. Los hilos se van a renovar con el tiempo para intentar evitar in posible fallo de memoria.
may 05, 2015 2:52:35 AM org.apache.catalina.loader.WebappClassLoader checkThreadLocalMapForLeaks
GRAVE: La aplicación web [/axis2] creó un ThreadLocal con clave del tipo [org.apache.axiom.util.UIDGenerator$1] (valor [org.apache.axiom.util.UIDGenerator$1@37c69411]) y un valor del tipo [long[]] (valor [[J@2a31749]) pero no pudo quitarlo cuando la aplicación web se paró. Los hilos se van a renovar con el tiempo para intentar evitar in posible fallo de memoria.
may 05, 2015 2:52:35 AM org.apache.catalina.loader.WebappClassLoader checkThreadLocalMapForLeaks
GRAVE: La aplicación web [/axis2] creó un ThreadLocal con clave del tipo [org.apache.axiom.util.UIDGenerator$1] (valor [org.apache.axiom.util.UIDGenerator$1@37c69411]) y un valor del tipo [long[]] (valor [[J@214dbaf9]) pero no pudo quitarlo cuando la aplicación web se paró. Los hilos se van a renovar con el tiempo para intentar evitar in posible fallo de memoria.
may 05, 2015 2:52:35 AM org.apache.catalina.loader.WebappClassLoader checkThreadLocalMapForLeaks
GRAVE: La aplicación web [/axis2] creó un ThreadLocal con clave del tipo [org.apache.axiom.util.UIDGenerator$1] (valor [org.apache.axiom.util.UIDGenerator$1@37c69411]) y un valor del tipo [long[]] (valor [[J@762e4283]) pero no pudo quitarlo cuando la aplicación web se paró. Los hilos se van a renovar con el tiempo para intentar evitar in posible fallo de memoria.
may 05, 2015 2:52:35 AM org.apache.catalina.loader.WebappClassLoader checkThreadLocalMapForLeaks
GRAVE: La aplicación web [/axis2] creó un ThreadLocal con clave del tipo [org.apache.axiom.util.UIDGenerator$1] (valor [org.apache.axiom.util.UIDGenerator$1@37c69411]) y un valor del tipo [long[]] (valor [[J@5710e312]) pero no pudo quitarlo cuando la aplicación web se paró. Los hilos se van a renovar con el tiempo para intentar evitar in posible fallo de memoria.
may 05, 2015 2:52:35 AM org.apache.coyote.AbstractProtocol stop
INFORMACIÓN: Stopping ProtocolHandler ["http-bio-8080"]
may 05, 2015 2:52:35 AM org.apache.coyote.AbstractProtocol stop
INFORMACIÓN: Stopping ProtocolHandler ["ajp-bio-8009"]
may 05, 2015 2:52:35 AM org.apache.coyote.AbstractProtocol destroy
INFORMACIÓN: Destroying ProtocolHandler ["http-bio-8080"]
may 05, 2015 2:52:35 AM org.apache.coyote.AbstractProtocol destroy
INFORMACIÓN: Destroying ProtocolHandler ["ajp-bio-8009"]
may 05, 2015 2:52:44 AM org.apache.catalina.startup.VersionLoggerListener log
INFORMACIÓN: Server version:        Apache Tomcat/7.0.59
may 05, 2015 2:52:44 AM org.apache.catalina.startup.VersionLoggerListener log
INFORMACIÓN: Server built:          Jan 28 2015 15:51:10 UTC
may 05, 2015 2:52:44 AM org.apache.catalina.startup.VersionLoggerListener log
INFORMACIÓN: Server number:         7.0.59.0
may 05, 2015 2:52:44 AM org.apache.catalina.startup.VersionLoggerListener log
INFORMACIÓN: OS Name:               Windows 7
may 05, 2015 2:52:44 AM org.apache.catalina.startup.VersionLoggerListener log
INFORMACIÓN: OS Version:            6.1
may 05, 2015 2:52:44 AM org.apache.catalina.startup.VersionLoggerListener log
INFORMACIÓN: Architecture:          amd64
may 05, 2015 2:52:44 AM org.apache.catalina.startup.VersionLoggerListener log
INFORMACIÓN: Java Home:             C:\Program Files\Java\jre7
may 05, 2015 2:52:44 AM org.apache.catalina.startup.VersionLoggerListener log
INFORMACIÓN: JVM Version:           1.7.0_75-b13
may 05, 2015 2:52:44 AM org.apache.catalina.startup.VersionLoggerListener log
INFORMACIÓN: JVM Vendor:            Oracle Corporation
may 05, 2015 2:52:44 AM org.apache.catalina.startup.VersionLoggerListener log
INFORMACIÓN: CATALINA_BASE:         C:\Users\Isabel\Desktop\ASTP\Tomcat_axis2
may 05, 2015 2:52:44 AM org.apache.catalina.startup.VersionLoggerListener log
INFORMACIÓN: CATALINA_HOME:         C:\Users\Isabel\Desktop\ASTP\Tomcat_axis2
may 05, 2015 2:52:44 AM org.apache.catalina.startup.VersionLoggerListener log
INFORMACIÓN: Command line argument: -Djava.util.logging.config.file=C:\Users\Isabel\Desktop\ASTP\Tomcat_axis2\conf\logging.properties
may 05, 2015 2:52:44 AM org.apache.catalina.startup.VersionLoggerListener log
INFORMACIÓN: Command line argument: -Djava.util.logging.manager=org.apache.juli.ClassLoaderLogManager
may 05, 2015 2:52:44 AM org.apache.catalina.startup.VersionLoggerListener log
INFORMACIÓN: Command line argument: -Djava.endorsed.dirs=C:\Users\Isabel\Desktop\ASTP\Tomcat_axis2\endorsed
may 05, 2015 2:52:44 AM org.apache.catalina.startup.VersionLoggerListener log
INFORMACIÓN: Command line argument: -Dcatalina.base=C:\Users\Isabel\Desktop\ASTP\Tomcat_axis2
may 05, 2015 2:52:44 AM org.apache.catalina.startup.VersionLoggerListener log
INFORMACIÓN: Command line argument: -Dcatalina.home=C:\Users\Isabel\Desktop\ASTP\Tomcat_axis2
may 05, 2015 2:52:44 AM org.apache.catalina.startup.VersionLoggerListener log
INFORMACIÓN: Command line argument: -Djava.io.tmpdir=C:\Users\Isabel\Desktop\ASTP\Tomcat_axis2\temp
may 05, 2015 2:52:44 AM org.apache.catalina.core.AprLifecycleListener lifecycleEvent
INFORMACIÓN: La biblioteca nativa de Apache Tomcat basada en ARP que permite un rendimiento óptimo en entornos de desarrollo no ha sido hallada en java.library.path: C:\Program Files\Java\jre7\bin;C:\Windows\Sun\Java\bin;C:\Windows\system32;C:\Windows;C:\Windows\system32;C:\Windows;C:\Windows\System32\Wbem;C:\Windows\System32\WindowsPowerShell\v1.0\;C:\Users\Isabel\Desktop\apache-ant-1.9.4\bin; C:\Program Files\Java\jdk1.7.0_75\bin;.
may 05, 2015 2:52:45 AM org.apache.coyote.AbstractProtocol init
INFORMACIÓN: Initializing ProtocolHandler ["http-bio-8080"]
may 05, 2015 2:52:45 AM org.apache.coyote.AbstractProtocol init
INFORMACIÓN: Initializing ProtocolHandler ["ajp-bio-8009"]
may 05, 2015 2:52:45 AM org.apache.catalina.startup.Catalina load
INFORMACIÓN: Initialization processed in 1693 ms
may 05, 2015 2:52:45 AM org.apache.catalina.core.StandardService startInternal
INFORMACIÓN: Arrancando servicio Catalina
may 05, 2015 2:52:45 AM org.apache.catalina.core.StandardEngine startInternal
INFORMACIÓN: Starting Servlet Engine: Apache Tomcat/7.0.59
may 05, 2015 2:52:45 AM org.apache.catalina.startup.HostConfig deployWAR
INFORMACIÓN: Despliegue del archivo C:\Users\Isabel\Desktop\ASTP\Tomcat_axis2\webapps\axis2.war de la aplicación web
may 05, 2015 2:52:52 AM org.apache.catalina.util.SessionIdGeneratorBase createSecureRandom
INFORMACIÓN: Creation of SecureRandom instance for session ID generation using [SHA1PRNG] took [125] milliseconds.
may 05, 2015 2:52:54 AM org.apache.catalina.startup.HostConfig deployWAR
INFORMACIÓN: Deployment of web application archive C:\Users\Isabel\Desktop\ASTP\Tomcat_axis2\webapps\axis2.war has finished in 9.364 ms
may 05, 2015 2:52:54 AM org.apache.catalina.startup.HostConfig deployDirectory
INFORMACIÓN: Despliegue del directorio C:\Users\Isabel\Desktop\ASTP\Tomcat_axis2\webapps\docs de la aplicación web
may 05, 2015 2:52:55 AM org.apache.catalina.startup.HostConfig deployDirectory
INFORMACIÓN: Deployment of web application directory C:\Users\Isabel\Desktop\ASTP\Tomcat_axis2\webapps\docs has finished in 482 ms
may 05, 2015 2:52:55 AM org.apache.catalina.startup.HostConfig deployDirectory
INFORMACIÓN: Despliegue del directorio C:\Users\Isabel\Desktop\ASTP\Tomcat_axis2\webapps\examples de la aplicación web
may 05, 2015 2:52:56 AM org.apache.catalina.startup.HostConfig deployDirectory
INFORMACIÓN: Deployment of web application directory C:\Users\Isabel\Desktop\ASTP\Tomcat_axis2\webapps\examples has finished in 917 ms
may 05, 2015 2:52:56 AM org.apache.catalina.startup.HostConfig deployDirectory
INFORMACIÓN: Despliegue del directorio C:\Users\Isabel\Desktop\ASTP\Tomcat_axis2\webapps\host-manager de la aplicación web
may 05, 2015 2:52:56 AM org.apache.catalina.startup.HostConfig deployDirectory
INFORMACIÓN: Deployment of web application directory C:\Users\Isabel\Desktop\ASTP\Tomcat_axis2\webapps\host-manager has finished in 357 ms
may 05, 2015 2:52:56 AM org.apache.catalina.startup.HostConfig deployDirectory
INFORMACIÓN: Despliegue del directorio C:\Users\Isabel\Desktop\ASTP\Tomcat_axis2\webapps\manager de la aplicación web
may 05, 2015 2:52:56 AM org.apache.catalina.startup.HostConfig deployDirectory
INFORMACIÓN: Deployment of web application directory C:\Users\Isabel\Desktop\ASTP\Tomcat_axis2\webapps\manager has finished in 327 ms
may 05, 2015 2:52:56 AM org.apache.catalina.startup.HostConfig deployDirectory
INFORMACIÓN: Despliegue del directorio C:\Users\Isabel\Desktop\ASTP\Tomcat_axis2\webapps\ROOT de la aplicación web
may 05, 2015 2:52:57 AM org.apache.catalina.startup.HostConfig deployDirectory
INFORMACIÓN: Deployment of web application directory C:\Users\Isabel\Desktop\ASTP\Tomcat_axis2\webapps\ROOT has finished in 280 ms
may 05, 2015 2:52:57 AM org.apache.coyote.AbstractProtocol start
INFORMACIÓN: Starting ProtocolHandler ["http-bio-8080"]
may 05, 2015 2:52:57 AM org.apache.coyote.AbstractProtocol start
INFORMACIÓN: Starting ProtocolHandler ["ajp-bio-8009"]
may 05, 2015 2:52:57 AM org.apache.catalina.startup.Catalina start
INFORMACIÓN: Server startup in 11899 ms
may 05, 2015 5:33:58 AM org.apache.catalina.startup.VersionLoggerListener log
INFORMACIÓN: Server version:        Apache Tomcat/7.0.59
may 05, 2015 5:33:58 AM org.apache.catalina.startup.VersionLoggerListener log
INFORMACIÓN: Server built:          Jan 28 2015 15:51:10 UTC
may 05, 2015 5:33:58 AM org.apache.catalina.startup.VersionLoggerListener log
INFORMACIÓN: Server number:         7.0.59.0
may 05, 2015 5:33:58 AM org.apache.catalina.startup.VersionLoggerListener log
INFORMACIÓN: OS Name:               Windows 7
may 05, 2015 5:33:58 AM org.apache.catalina.startup.VersionLoggerListener log
INFORMACIÓN: OS Version:            6.1
may 05, 2015 5:33:58 AM org.apache.catalina.startup.VersionLoggerListener log
INFORMACIÓN: Architecture:          amd64
may 05, 2015 5:33:58 AM org.apache.catalina.startup.VersionLoggerListener log
INFORMACIÓN: Java Home:             C:\Program Files\Java\jre7
may 05, 2015 5:33:58 AM org.apache.catalina.startup.VersionLoggerListener log
INFORMACIÓN: JVM Version:           1.7.0_75-b13
may 05, 2015 5:33:58 AM org.apache.catalina.startup.VersionLoggerListener log
INFORMACIÓN: JVM Vendor:            Oracle Corporation
may 05, 2015 5:33:58 AM org.apache.catalina.startup.VersionLoggerListener log
INFORMACIÓN: CATALINA_BASE:         C:\Users\Isabel\Desktop\ASTP\Tomcat_axis2
may 05, 2015 5:33:58 AM org.apache.catalina.startup.VersionLoggerListener log
INFORMACIÓN: CATALINA_HOME:         C:\Users\Isabel\Desktop\ASTP\Tomcat_axis2
may 05, 2015 5:33:58 AM org.apache.catalina.startup.VersionLoggerListener log
INFORMACIÓN: Command line argument: -Djava.util.logging.config.file=C:\Users\Isabel\Desktop\ASTP\Tomcat_axis2\conf\logging.properties
may 05, 2015 5:33:58 AM org.apache.catalina.startup.VersionLoggerListener log
INFORMACIÓN: Command line argument: -Djava.util.logging.manager=org.apache.juli.ClassLoaderLogManager
may 05, 2015 5:33:58 AM org.apache.catalina.startup.VersionLoggerListener log
INFORMACIÓN: Command line argument: -Djava.endorsed.dirs=C:\Users\Isabel\Desktop\ASTP\Tomcat_axis2\endorsed
may 05, 2015 5:33:58 AM org.apache.catalina.startup.VersionLoggerListener log
INFORMACIÓN: Command line argument: -Dcatalina.base=C:\Users\Isabel\Desktop\ASTP\Tomcat_axis2
may 05, 2015 5:33:58 AM org.apache.catalina.startup.VersionLoggerListener log
INFORMACIÓN: Command line argument: -Dcatalina.home=C:\Users\Isabel\Desktop\ASTP\Tomcat_axis2
may 05, 2015 5:33:58 AM org.apache.catalina.startup.VersionLoggerListener log
INFORMACIÓN: Command line argument: -Djava.io.tmpdir=C:\Users\Isabel\Desktop\ASTP\Tomcat_axis2\temp
may 05, 2015 5:33:58 AM org.apache.catalina.core.AprLifecycleListener lifecycleEvent
INFORMACIÓN: La biblioteca nativa de Apache Tomcat basada en ARP que permite un rendimiento óptimo en entornos de desarrollo no ha sido hallada en java.library.path: C:\Program Files\Java\jre7\bin;C:\Windows\Sun\Java\bin;C:\Windows\system32;C:\Windows;C:\Windows\system32;C:\Windows;C:\Windows\System32\Wbem;C:\Windows\System32\WindowsPowerShell\v1.0\;C:\Users\Isabel\Desktop\apache-ant-1.9.4\bin; C:\Program Files\Java\jdk1.7.0_75\bin;.
may 05, 2015 5:33:58 AM org.apache.coyote.AbstractProtocol init
INFORMACIÓN: Initializing ProtocolHandler ["http-bio-8080"]
may 05, 2015 5:33:59 AM org.apache.coyote.AbstractProtocol init
INFORMACIÓN: Initializing ProtocolHandler ["ajp-bio-8009"]
may 05, 2015 5:33:59 AM org.apache.catalina.startup.Catalina load
INFORMACIÓN: Initialization processed in 1630 ms
may 05, 2015 5:33:59 AM org.apache.catalina.core.StandardService startInternal
INFORMACIÓN: Arrancando servicio Catalina
may 05, 2015 5:33:59 AM org.apache.catalina.core.StandardEngine startInternal
INFORMACIÓN: Starting Servlet Engine: Apache Tomcat/7.0.59
may 05, 2015 5:33:59 AM org.apache.catalina.startup.HostConfig deployWAR
INFORMACIÓN: Despliegue del archivo C:\Users\Isabel\Desktop\ASTP\Tomcat_axis2\webapps\axis2.war de la aplicación web
may 05, 2015 5:34:07 AM org.apache.catalina.util.SessionIdGeneratorBase createSecureRandom
INFORMACIÓN: Creation of SecureRandom instance for session ID generation using [SHA1PRNG] took [127] milliseconds.
may 05, 2015 5:34:09 AM org.apache.catalina.startup.HostConfig deployWAR
INFORMACIÓN: Deployment of web application archive C:\Users\Isabel\Desktop\ASTP\Tomcat_axis2\webapps\axis2.war has finished in 10.582 ms
may 05, 2015 5:34:09 AM org.apache.catalina.startup.HostConfig deployDirectory
INFORMACIÓN: Despliegue del directorio C:\Users\Isabel\Desktop\ASTP\Tomcat_axis2\webapps\docs de la aplicación web
may 05, 2015 5:34:10 AM org.apache.catalina.startup.HostConfig deployDirectory
INFORMACIÓN: Deployment of web application directory C:\Users\Isabel\Desktop\ASTP\Tomcat_axis2\webapps\docs has finished in 724 ms
may 05, 2015 5:34:10 AM org.apache.catalina.startup.HostConfig deployDirectory
INFORMACIÓN: Despliegue del directorio C:\Users\Isabel\Desktop\ASTP\Tomcat_axis2\webapps\examples de la aplicación web
may 05, 2015 5:34:11 AM org.apache.catalina.startup.HostConfig deployDirectory
INFORMACIÓN: Deployment of web application directory C:\Users\Isabel\Desktop\ASTP\Tomcat_axis2\webapps\examples has finished in 1.386 ms
may 05, 2015 5:34:11 AM org.apache.catalina.startup.HostConfig deployDirectory
INFORMACIÓN: Despliegue del directorio C:\Users\Isabel\Desktop\ASTP\Tomcat_axis2\webapps\host-manager de la aplicación web
may 05, 2015 5:34:12 AM org.apache.catalina.startup.HostConfig deployDirectory
INFORMACIÓN: Deployment of web application directory C:\Users\Isabel\Desktop\ASTP\Tomcat_axis2\webapps\host-manager has finished in 280 ms
may 05, 2015 5:34:12 AM org.apache.catalina.startup.HostConfig deployDirectory
INFORMACIÓN: Despliegue del directorio C:\Users\Isabel\Desktop\ASTP\Tomcat_axis2\webapps\manager de la aplicación web
may 05, 2015 5:34:12 AM org.apache.catalina.startup.HostConfig deployDirectory
INFORMACIÓN: Deployment of web application directory C:\Users\Isabel\Desktop\ASTP\Tomcat_axis2\webapps\manager has finished in 330 ms
may 05, 2015 5:34:12 AM org.apache.catalina.startup.HostConfig deployDirectory
INFORMACIÓN: Despliegue del directorio C:\Users\Isabel\Desktop\ASTP\Tomcat_axis2\webapps\ROOT de la aplicación web
may 05, 2015 5:34:12 AM org.apache.catalina.startup.HostConfig deployDirectory
INFORMACIÓN: Deployment of web application directory C:\Users\Isabel\Desktop\ASTP\Tomcat_axis2\webapps\ROOT has finished in 286 ms
may 05, 2015 5:34:12 AM org.apache.coyote.AbstractProtocol start
INFORMACIÓN: Starting ProtocolHandler ["http-bio-8080"]
may 05, 2015 5:34:12 AM org.apache.coyote.AbstractProtocol start
INFORMACIÓN: Starting ProtocolHandler ["ajp-bio-8009"]
may 05, 2015 5:34:12 AM org.apache.catalina.startup.Catalina start
INFORMACIÓN: Server startup in 13757 ms
