may 04, 2015 10:14:42 AM org.apache.catalina.core.ApplicationContext log
INFORMACIÓN: ContextListener: contextInitialized()
may 04, 2015 10:14:42 AM org.apache.catalina.core.ApplicationContext log
INFORMACIÓN: SessionListener: contextInitialized()
may 04, 2015 10:14:42 AM org.apache.catalina.core.ApplicationContext log
INFORMACIÓN: ContextListener: attributeAdded('org.apache.jasper.compiler.TldLocationsCache', 'org.apache.jasper.compiler.TldLocationsCache@47a034e7')
may 04, 2015 10:32:57 AM org.apache.catalina.core.ApplicationContext log
INFORMACIÓN: ContextListener: contextInitialized()
may 04, 2015 10:32:57 AM org.apache.catalina.core.ApplicationContext log
INFORMACIÓN: SessionListener: contextInitialized()
may 04, 2015 10:32:57 AM org.apache.catalina.core.ApplicationContext log
INFORMACIÓN: ContextListener: attributeAdded('org.apache.jasper.compiler.TldLocationsCache', 'org.apache.jasper.compiler.TldLocationsCache@7883b48a')
may 04, 2015 10:34:45 AM org.apache.catalina.core.ApplicationContext log
INFORMACIÓN: ContextListener: contextInitialized()
may 04, 2015 10:34:45 AM org.apache.catalina.core.ApplicationContext log
INFORMACIÓN: SessionListener: contextInitialized()
may 04, 2015 10:34:45 AM org.apache.catalina.core.ApplicationContext log
INFORMACIÓN: ContextListener: attributeAdded('org.apache.jasper.compiler.TldLocationsCache', 'org.apache.jasper.compiler.TldLocationsCache@4153036')
may 04, 2015 12:36:29 PM org.apache.catalina.core.ApplicationContext log
INFORMACIÓN: ContextListener: contextInitialized()
may 04, 2015 12:36:29 PM org.apache.catalina.core.ApplicationContext log
INFORMACIÓN: SessionListener: contextInitialized()
may 04, 2015 12:36:29 PM org.apache.catalina.core.ApplicationContext log
INFORMACIÓN: ContextListener: attributeAdded('org.apache.jasper.compiler.TldLocationsCache', 'org.apache.jasper.compiler.TldLocationsCache@4ae4771e')
may 04, 2015 12:40:41 PM org.apache.catalina.core.ApplicationContext log
INFORMACIÓN: SessionListener: contextDestroyed()
may 04, 2015 12:40:41 PM org.apache.catalina.core.ApplicationContext log
INFORMACIÓN: ContextListener: contextDestroyed()
may 04, 2015 12:40:59 PM org.apache.catalina.core.ApplicationContext log
INFORMACIÓN: ContextListener: contextInitialized()
may 04, 2015 12:40:59 PM org.apache.catalina.core.ApplicationContext log
INFORMACIÓN: SessionListener: contextInitialized()
may 04, 2015 12:40:59 PM org.apache.catalina.core.ApplicationContext log
INFORMACIÓN: ContextListener: attributeAdded('org.apache.jasper.compiler.TldLocationsCache', 'org.apache.jasper.compiler.TldLocationsCache@472ec00d')
may 04, 2015 12:46:47 PM org.apache.catalina.core.ApplicationContext log
INFORMACIÓN: SessionListener: contextDestroyed()
may 04, 2015 12:46:47 PM org.apache.catalina.core.ApplicationContext log
INFORMACIÓN: ContextListener: contextDestroyed()
may 04, 2015 12:47:33 PM org.apache.catalina.core.ApplicationContext log
INFORMACIÓN: ContextListener: contextInitialized()
may 04, 2015 12:47:33 PM org.apache.catalina.core.ApplicationContext log
INFORMACIÓN: SessionListener: contextInitialized()
may 04, 2015 12:47:33 PM org.apache.catalina.core.ApplicationContext log
INFORMACIÓN: ContextListener: attributeAdded('org.apache.jasper.compiler.TldLocationsCache', 'org.apache.jasper.compiler.TldLocationsCache@80ea93d')
may 04, 2015 12:49:46 PM org.apache.catalina.core.StandardWrapperValve invoke
GRAVE: Servlet.service() para servlet AxisServlet lanzó excepción
java.lang.NullPointerException
	at org.apache.axis2.rpc.receivers.RPCMessageReceiver.invokeBusinessLogic(RPCMessageReceiver.java:181)
	at org.apache.axis2.receivers.AbstractInOutMessageReceiver.invokeBusinessLogic(AbstractInOutMessageReceiver.java:40)
	at org.apache.axis2.receivers.AbstractMessageReceiver.receive(AbstractMessageReceiver.java:114)
	at org.apache.axis2.engine.AxisEngine.receive(AxisEngine.java:181)
	at org.apache.axis2.transport.http.util.RESTUtil.invokeAxisEngine(RESTUtil.java:144)
	at org.apache.axis2.transport.http.util.RESTUtil.processURLRequest(RESTUtil.java:139)
	at org.apache.axis2.transport.http.AxisServlet$RestRequestProcessor.processURLRequest(AxisServlet.java:837)
	at org.apache.axis2.transport.http.AxisServlet.doGet(AxisServlet.java:273)
	at javax.servlet.http.HttpServlet.service(HttpServlet.java:620)
	at javax.servlet.http.HttpServlet.service(HttpServlet.java:727)
	at org.apache.catalina.core.ApplicationFilterChain.internalDoFilter(ApplicationFilterChain.java:303)
	at org.apache.catalina.core.ApplicationFilterChain.doFilter(ApplicationFilterChain.java:208)
	at org.apache.tomcat.websocket.server.WsFilter.doFilter(WsFilter.java:52)
	at org.apache.catalina.core.ApplicationFilterChain.internalDoFilter(ApplicationFilterChain.java:241)
	at org.apache.catalina.core.ApplicationFilterChain.doFilter(ApplicationFilterChain.java:208)
	at org.apache.catalina.core.StandardWrapperValve.invoke(StandardWrapperValve.java:220)
	at org.apache.catalina.core.StandardContextValve.invoke(StandardContextValve.java:122)
	at org.apache.catalina.authenticator.AuthenticatorBase.invoke(AuthenticatorBase.java:504)
	at org.apache.catalina.core.StandardHostValve.invoke(StandardHostValve.java:170)
	at org.apache.catalina.valves.ErrorReportValve.invoke(ErrorReportValve.java:103)
	at org.apache.catalina.valves.AccessLogValve.invoke(AccessLogValve.java:950)
	at org.apache.catalina.core.StandardEngineValve.invoke(StandardEngineValve.java:116)
	at org.apache.catalina.connector.CoyoteAdapter.service(CoyoteAdapter.java:421)
	at org.apache.coyote.http11.AbstractHttp11Processor.process(AbstractHttp11Processor.java:1074)
	at org.apache.coyote.AbstractProtocol$AbstractConnectionHandler.process(AbstractProtocol.java:611)
	at org.apache.tomcat.util.net.JIoEndpoint$SocketProcessor.run(JIoEndpoint.java:314)
	at java.util.concurrent.ThreadPoolExecutor.runWorker(Unknown Source)
	at java.util.concurrent.ThreadPoolExecutor$Worker.run(Unknown Source)
	at org.apache.tomcat.util.threads.TaskThread$WrappingRunnable.run(TaskThread.java:61)
	at java.lang.Thread.run(Unknown Source)

may 04, 2015 12:49:49 PM org.apache.catalina.core.StandardWrapperValve invoke
GRAVE: Servlet.service() para servlet AxisServlet lanzó excepción
java.lang.NullPointerException
	at org.apache.axis2.rpc.receivers.RPCMessageReceiver.invokeBusinessLogic(RPCMessageReceiver.java:181)
	at org.apache.axis2.receivers.AbstractInOutMessageReceiver.invokeBusinessLogic(AbstractInOutMessageReceiver.java:40)
	at org.apache.axis2.receivers.AbstractMessageReceiver.receive(AbstractMessageReceiver.java:114)
	at org.apache.axis2.engine.AxisEngine.receive(AxisEngine.java:181)
	at org.apache.axis2.transport.http.util.RESTUtil.invokeAxisEngine(RESTUtil.java:144)
	at org.apache.axis2.transport.http.util.RESTUtil.processURLRequest(RESTUtil.java:139)
	at org.apache.axis2.transport.http.AxisServlet$RestRequestProcessor.processURLRequest(AxisServlet.java:837)
	at org.apache.axis2.transport.http.AxisServlet.doGet(AxisServlet.java:273)
	at javax.servlet.http.HttpServlet.service(HttpServlet.java:620)
	at javax.servlet.http.HttpServlet.service(HttpServlet.java:727)
	at org.apache.catalina.core.ApplicationFilterChain.internalDoFilter(ApplicationFilterChain.java:303)
	at org.apache.catalina.core.ApplicationFilterChain.doFilter(ApplicationFilterChain.java:208)
	at org.apache.tomcat.websocket.server.WsFilter.doFilter(WsFilter.java:52)
	at org.apache.catalina.core.ApplicationFilterChain.internalDoFilter(ApplicationFilterChain.java:241)
	at org.apache.catalina.core.ApplicationFilterChain.doFilter(ApplicationFilterChain.java:208)
	at org.apache.catalina.core.StandardWrapperValve.invoke(StandardWrapperValve.java:220)
	at org.apache.catalina.core.StandardContextValve.invoke(StandardContextValve.java:122)
	at org.apache.catalina.authenticator.AuthenticatorBase.invoke(AuthenticatorBase.java:504)
	at org.apache.catalina.core.StandardHostValve.invoke(StandardHostValve.java:170)
	at org.apache.catalina.valves.ErrorReportValve.invoke(ErrorReportValve.java:103)
	at org.apache.catalina.valves.AccessLogValve.invoke(AccessLogValve.java:950)
	at org.apache.catalina.core.StandardEngineValve.invoke(StandardEngineValve.java:116)
	at org.apache.catalina.connector.CoyoteAdapter.service(CoyoteAdapter.java:421)
	at org.apache.coyote.http11.AbstractHttp11Processor.process(AbstractHttp11Processor.java:1074)
	at org.apache.coyote.AbstractProtocol$AbstractConnectionHandler.process(AbstractProtocol.java:611)
	at org.apache.tomcat.util.net.JIoEndpoint$SocketProcessor.run(JIoEndpoint.java:314)
	at java.util.concurrent.ThreadPoolExecutor.runWorker(Unknown Source)
	at java.util.concurrent.ThreadPoolExecutor$Worker.run(Unknown Source)
	at org.apache.tomcat.util.threads.TaskThread$WrappingRunnable.run(TaskThread.java:61)
	at java.lang.Thread.run(Unknown Source)

may 04, 2015 12:50:12 PM org.apache.catalina.core.StandardWrapperValve invoke
GRAVE: Servlet.service() para servlet AxisServlet lanzó excepción
java.lang.NullPointerException
	at org.apache.axis2.rpc.receivers.RPCMessageReceiver.invokeBusinessLogic(RPCMessageReceiver.java:181)
	at org.apache.axis2.receivers.AbstractInOutMessageReceiver.invokeBusinessLogic(AbstractInOutMessageReceiver.java:40)
	at org.apache.axis2.receivers.AbstractMessageReceiver.receive(AbstractMessageReceiver.java:114)
	at org.apache.axis2.engine.AxisEngine.receive(AxisEngine.java:181)
	at org.apache.axis2.transport.http.util.RESTUtil.invokeAxisEngine(RESTUtil.java:144)
	at org.apache.axis2.transport.http.util.RESTUtil.processURLRequest(RESTUtil.java:139)
	at org.apache.axis2.transport.http.AxisServlet$RestRequestProcessor.processURLRequest(AxisServlet.java:837)
	at org.apache.axis2.transport.http.AxisServlet.doGet(AxisServlet.java:273)
	at javax.servlet.http.HttpServlet.service(HttpServlet.java:620)
	at javax.servlet.http.HttpServlet.service(HttpServlet.java:727)
	at org.apache.catalina.core.ApplicationFilterChain.internalDoFilter(ApplicationFilterChain.java:303)
	at org.apache.catalina.core.ApplicationFilterChain.doFilter(ApplicationFilterChain.java:208)
	at org.apache.tomcat.websocket.server.WsFilter.doFilter(WsFilter.java:52)
	at org.apache.catalina.core.ApplicationFilterChain.internalDoFilter(ApplicationFilterChain.java:241)
	at org.apache.catalina.core.ApplicationFilterChain.doFilter(ApplicationFilterChain.java:208)
	at org.apache.catalina.core.StandardWrapperValve.invoke(StandardWrapperValve.java:220)
	at org.apache.catalina.core.StandardContextValve.invoke(StandardContextValve.java:122)
	at org.apache.catalina.authenticator.AuthenticatorBase.invoke(AuthenticatorBase.java:504)
	at org.apache.catalina.core.StandardHostValve.invoke(StandardHostValve.java:170)
	at org.apache.catalina.valves.ErrorReportValve.invoke(ErrorReportValve.java:103)
	at org.apache.catalina.valves.AccessLogValve.invoke(AccessLogValve.java:950)
	at org.apache.catalina.core.StandardEngineValve.invoke(StandardEngineValve.java:116)
	at org.apache.catalina.connector.CoyoteAdapter.service(CoyoteAdapter.java:421)
	at org.apache.coyote.http11.AbstractHttp11Processor.process(AbstractHttp11Processor.java:1074)
	at org.apache.coyote.AbstractProtocol$AbstractConnectionHandler.process(AbstractProtocol.java:611)
	at org.apache.tomcat.util.net.JIoEndpoint$SocketProcessor.run(JIoEndpoint.java:314)
	at java.util.concurrent.ThreadPoolExecutor.runWorker(Unknown Source)
	at java.util.concurrent.ThreadPoolExecutor$Worker.run(Unknown Source)
	at org.apache.tomcat.util.threads.TaskThread$WrappingRunnable.run(TaskThread.java:61)
	at java.lang.Thread.run(Unknown Source)

may 04, 2015 12:50:27 PM org.apache.catalina.core.StandardWrapperValve invoke
GRAVE: Servlet.service() para servlet AxisServlet lanzó excepción
java.lang.NullPointerException
	at org.apache.axis2.rpc.receivers.RPCMessageReceiver.invokeBusinessLogic(RPCMessageReceiver.java:181)
	at org.apache.axis2.receivers.AbstractInOutMessageReceiver.invokeBusinessLogic(AbstractInOutMessageReceiver.java:40)
	at org.apache.axis2.receivers.AbstractMessageReceiver.receive(AbstractMessageReceiver.java:114)
	at org.apache.axis2.engine.AxisEngine.receive(AxisEngine.java:181)
	at org.apache.axis2.transport.http.util.RESTUtil.invokeAxisEngine(RESTUtil.java:144)
	at org.apache.axis2.transport.http.util.RESTUtil.processURLRequest(RESTUtil.java:139)
	at org.apache.axis2.transport.http.AxisServlet$RestRequestProcessor.processURLRequest(AxisServlet.java:837)
	at org.apache.axis2.transport.http.AxisServlet.doGet(AxisServlet.java:273)
	at javax.servlet.http.HttpServlet.service(HttpServlet.java:620)
	at javax.servlet.http.HttpServlet.service(HttpServlet.java:727)
	at org.apache.catalina.core.ApplicationFilterChain.internalDoFilter(ApplicationFilterChain.java:303)
	at org.apache.catalina.core.ApplicationFilterChain.doFilter(ApplicationFilterChain.java:208)
	at org.apache.tomcat.websocket.server.WsFilter.doFilter(WsFilter.java:52)
	at org.apache.catalina.core.ApplicationFilterChain.internalDoFilter(ApplicationFilterChain.java:241)
	at org.apache.catalina.core.ApplicationFilterChain.doFilter(ApplicationFilterChain.java:208)
	at org.apache.catalina.core.StandardWrapperValve.invoke(StandardWrapperValve.java:220)
	at org.apache.catalina.core.StandardContextValve.invoke(StandardContextValve.java:122)
	at org.apache.catalina.authenticator.AuthenticatorBase.invoke(AuthenticatorBase.java:504)
	at org.apache.catalina.core.StandardHostValve.invoke(StandardHostValve.java:170)
	at org.apache.catalina.valves.ErrorReportValve.invoke(ErrorReportValve.java:103)
	at org.apache.catalina.valves.AccessLogValve.invoke(AccessLogValve.java:950)
	at org.apache.catalina.core.StandardEngineValve.invoke(StandardEngineValve.java:116)
	at org.apache.catalina.connector.CoyoteAdapter.service(CoyoteAdapter.java:421)
	at org.apache.coyote.http11.AbstractHttp11Processor.process(AbstractHttp11Processor.java:1074)
	at org.apache.coyote.AbstractProtocol$AbstractConnectionHandler.process(AbstractProtocol.java:611)
	at org.apache.tomcat.util.net.JIoEndpoint$SocketProcessor.run(JIoEndpoint.java:316)
	at java.util.concurrent.ThreadPoolExecutor.runWorker(Unknown Source)
	at java.util.concurrent.ThreadPoolExecutor$Worker.run(Unknown Source)
	at org.apache.tomcat.util.threads.TaskThread$WrappingRunnable.run(TaskThread.java:61)
	at java.lang.Thread.run(Unknown Source)

may 04, 2015 12:50:30 PM org.apache.catalina.core.StandardWrapperValve invoke
GRAVE: Servlet.service() para servlet AxisServlet lanzó excepción
java.lang.NullPointerException
	at org.apache.axis2.rpc.receivers.RPCMessageReceiver.invokeBusinessLogic(RPCMessageReceiver.java:181)
	at org.apache.axis2.receivers.AbstractInOutMessageReceiver.invokeBusinessLogic(AbstractInOutMessageReceiver.java:40)
	at org.apache.axis2.receivers.AbstractMessageReceiver.receive(AbstractMessageReceiver.java:114)
	at org.apache.axis2.engine.AxisEngine.receive(AxisEngine.java:181)
	at org.apache.axis2.transport.http.util.RESTUtil.invokeAxisEngine(RESTUtil.java:144)
	at org.apache.axis2.transport.http.util.RESTUtil.processURLRequest(RESTUtil.java:139)
	at org.apache.axis2.transport.http.AxisServlet$RestRequestProcessor.processURLRequest(AxisServlet.java:837)
	at org.apache.axis2.transport.http.AxisServlet.doGet(AxisServlet.java:273)
	at javax.servlet.http.HttpServlet.service(HttpServlet.java:620)
	at javax.servlet.http.HttpServlet.service(HttpServlet.java:727)
	at org.apache.catalina.core.ApplicationFilterChain.internalDoFilter(ApplicationFilterChain.java:303)
	at org.apache.catalina.core.ApplicationFilterChain.doFilter(ApplicationFilterChain.java:208)
	at org.apache.tomcat.websocket.server.WsFilter.doFilter(WsFilter.java:52)
	at org.apache.catalina.core.ApplicationFilterChain.internalDoFilter(ApplicationFilterChain.java:241)
	at org.apache.catalina.core.ApplicationFilterChain.doFilter(ApplicationFilterChain.java:208)
	at org.apache.catalina.core.StandardWrapperValve.invoke(StandardWrapperValve.java:220)
	at org.apache.catalina.core.StandardContextValve.invoke(StandardContextValve.java:122)
	at org.apache.catalina.authenticator.AuthenticatorBase.invoke(AuthenticatorBase.java:504)
	at org.apache.catalina.core.StandardHostValve.invoke(StandardHostValve.java:170)
	at org.apache.catalina.valves.ErrorReportValve.invoke(ErrorReportValve.java:103)
	at org.apache.catalina.valves.AccessLogValve.invoke(AccessLogValve.java:950)
	at org.apache.catalina.core.StandardEngineValve.invoke(StandardEngineValve.java:116)
	at org.apache.catalina.connector.CoyoteAdapter.service(CoyoteAdapter.java:421)
	at org.apache.coyote.http11.AbstractHttp11Processor.process(AbstractHttp11Processor.java:1074)
	at org.apache.coyote.AbstractProtocol$AbstractConnectionHandler.process(AbstractProtocol.java:611)
	at org.apache.tomcat.util.net.JIoEndpoint$SocketProcessor.run(JIoEndpoint.java:314)
	at java.util.concurrent.ThreadPoolExecutor.runWorker(Unknown Source)
	at java.util.concurrent.ThreadPoolExecutor$Worker.run(Unknown Source)
	at org.apache.tomcat.util.threads.TaskThread$WrappingRunnable.run(TaskThread.java:61)
	at java.lang.Thread.run(Unknown Source)

may 04, 2015 12:50:42 PM org.apache.catalina.core.StandardWrapperValve invoke
GRAVE: Servlet.service() para servlet AxisServlet lanzó excepción
java.lang.NullPointerException
	at org.apache.axis2.rpc.receivers.RPCMessageReceiver.invokeBusinessLogic(RPCMessageReceiver.java:181)
	at org.apache.axis2.receivers.AbstractInOutMessageReceiver.invokeBusinessLogic(AbstractInOutMessageReceiver.java:40)
	at org.apache.axis2.receivers.AbstractMessageReceiver.receive(AbstractMessageReceiver.java:114)
	at org.apache.axis2.engine.AxisEngine.receive(AxisEngine.java:181)
	at org.apache.axis2.transport.http.util.RESTUtil.invokeAxisEngine(RESTUtil.java:144)
	at org.apache.axis2.transport.http.util.RESTUtil.processURLRequest(RESTUtil.java:139)
	at org.apache.axis2.transport.http.AxisServlet$RestRequestProcessor.processURLRequest(AxisServlet.java:837)
	at org.apache.axis2.transport.http.AxisServlet.doGet(AxisServlet.java:273)
	at javax.servlet.http.HttpServlet.service(HttpServlet.java:620)
	at javax.servlet.http.HttpServlet.service(HttpServlet.java:727)
	at org.apache.catalina.core.ApplicationFilterChain.internalDoFilter(ApplicationFilterChain.java:303)
	at org.apache.catalina.core.ApplicationFilterChain.doFilter(ApplicationFilterChain.java:208)
	at org.apache.tomcat.websocket.server.WsFilter.doFilter(WsFilter.java:52)
	at org.apache.catalina.core.ApplicationFilterChain.internalDoFilter(ApplicationFilterChain.java:241)
	at org.apache.catalina.core.ApplicationFilterChain.doFilter(ApplicationFilterChain.java:208)
	at org.apache.catalina.core.StandardWrapperValve.invoke(StandardWrapperValve.java:220)
	at org.apache.catalina.core.StandardContextValve.invoke(StandardContextValve.java:122)
	at org.apache.catalina.authenticator.AuthenticatorBase.invoke(AuthenticatorBase.java:504)
	at org.apache.catalina.core.StandardHostValve.invoke(StandardHostValve.java:170)
	at org.apache.catalina.valves.ErrorReportValve.invoke(ErrorReportValve.java:103)
	at org.apache.catalina.valves.AccessLogValve.invoke(AccessLogValve.java:950)
	at org.apache.catalina.core.StandardEngineValve.invoke(StandardEngineValve.java:116)
	at org.apache.catalina.connector.CoyoteAdapter.service(CoyoteAdapter.java:421)
	at org.apache.coyote.http11.AbstractHttp11Processor.process(AbstractHttp11Processor.java:1074)
	at org.apache.coyote.AbstractProtocol$AbstractConnectionHandler.process(AbstractProtocol.java:611)
	at org.apache.tomcat.util.net.JIoEndpoint$SocketProcessor.run(JIoEndpoint.java:316)
	at java.util.concurrent.ThreadPoolExecutor.runWorker(Unknown Source)
	at java.util.concurrent.ThreadPoolExecutor$Worker.run(Unknown Source)
	at org.apache.tomcat.util.threads.TaskThread$WrappingRunnable.run(TaskThread.java:61)
	at java.lang.Thread.run(Unknown Source)

may 04, 2015 12:50:44 PM org.apache.catalina.core.StandardWrapperValve invoke
GRAVE: Servlet.service() para servlet AxisServlet lanzó excepción
java.lang.NullPointerException
	at org.apache.axis2.rpc.receivers.RPCMessageReceiver.invokeBusinessLogic(RPCMessageReceiver.java:181)
	at org.apache.axis2.receivers.AbstractInOutMessageReceiver.invokeBusinessLogic(AbstractInOutMessageReceiver.java:40)
	at org.apache.axis2.receivers.AbstractMessageReceiver.receive(AbstractMessageReceiver.java:114)
	at org.apache.axis2.engine.AxisEngine.receive(AxisEngine.java:181)
	at org.apache.axis2.transport.http.util.RESTUtil.invokeAxisEngine(RESTUtil.java:144)
	at org.apache.axis2.transport.http.util.RESTUtil.processURLRequest(RESTUtil.java:139)
	at org.apache.axis2.transport.http.AxisServlet$RestRequestProcessor.processURLRequest(AxisServlet.java:837)
	at org.apache.axis2.transport.http.AxisServlet.doGet(AxisServlet.java:273)
	at javax.servlet.http.HttpServlet.service(HttpServlet.java:620)
	at javax.servlet.http.HttpServlet.service(HttpServlet.java:727)
	at org.apache.catalina.core.ApplicationFilterChain.internalDoFilter(ApplicationFilterChain.java:303)
	at org.apache.catalina.core.ApplicationFilterChain.doFilter(ApplicationFilterChain.java:208)
	at org.apache.tomcat.websocket.server.WsFilter.doFilter(WsFilter.java:52)
	at org.apache.catalina.core.ApplicationFilterChain.internalDoFilter(ApplicationFilterChain.java:241)
	at org.apache.catalina.core.ApplicationFilterChain.doFilter(ApplicationFilterChain.java:208)
	at org.apache.catalina.core.StandardWrapperValve.invoke(StandardWrapperValve.java:220)
	at org.apache.catalina.core.StandardContextValve.invoke(StandardContextValve.java:122)
	at org.apache.catalina.authenticator.AuthenticatorBase.invoke(AuthenticatorBase.java:504)
	at org.apache.catalina.core.StandardHostValve.invoke(StandardHostValve.java:170)
	at org.apache.catalina.valves.ErrorReportValve.invoke(ErrorReportValve.java:103)
	at org.apache.catalina.valves.AccessLogValve.invoke(AccessLogValve.java:950)
	at org.apache.catalina.core.StandardEngineValve.invoke(StandardEngineValve.java:116)
	at org.apache.catalina.connector.CoyoteAdapter.service(CoyoteAdapter.java:421)
	at org.apache.coyote.http11.AbstractHttp11Processor.process(AbstractHttp11Processor.java:1074)
	at org.apache.coyote.AbstractProtocol$AbstractConnectionHandler.process(AbstractProtocol.java:611)
	at org.apache.tomcat.util.net.JIoEndpoint$SocketProcessor.run(JIoEndpoint.java:314)
	at java.util.concurrent.ThreadPoolExecutor.runWorker(Unknown Source)
	at java.util.concurrent.ThreadPoolExecutor$Worker.run(Unknown Source)
	at org.apache.tomcat.util.threads.TaskThread$WrappingRunnable.run(TaskThread.java:61)
	at java.lang.Thread.run(Unknown Source)

may 04, 2015 12:50:51 PM org.apache.catalina.core.StandardWrapperValve invoke
GRAVE: Servlet.service() para servlet AxisServlet lanzó excepción
java.lang.NullPointerException
	at org.apache.axis2.rpc.receivers.RPCMessageReceiver.invokeBusinessLogic(RPCMessageReceiver.java:181)
	at org.apache.axis2.receivers.AbstractInOutMessageReceiver.invokeBusinessLogic(AbstractInOutMessageReceiver.java:40)
	at org.apache.axis2.receivers.AbstractMessageReceiver.receive(AbstractMessageReceiver.java:114)
	at org.apache.axis2.engine.AxisEngine.receive(AxisEngine.java:181)
	at org.apache.axis2.transport.http.util.RESTUtil.invokeAxisEngine(RESTUtil.java:144)
	at org.apache.axis2.transport.http.util.RESTUtil.processURLRequest(RESTUtil.java:139)
	at org.apache.axis2.transport.http.AxisServlet$RestRequestProcessor.processURLRequest(AxisServlet.java:837)
	at org.apache.axis2.transport.http.AxisServlet.doGet(AxisServlet.java:273)
	at javax.servlet.http.HttpServlet.service(HttpServlet.java:620)
	at javax.servlet.http.HttpServlet.service(HttpServlet.java:727)
	at org.apache.catalina.core.ApplicationFilterChain.internalDoFilter(ApplicationFilterChain.java:303)
	at org.apache.catalina.core.ApplicationFilterChain.doFilter(ApplicationFilterChain.java:208)
	at org.apache.tomcat.websocket.server.WsFilter.doFilter(WsFilter.java:52)
	at org.apache.catalina.core.ApplicationFilterChain.internalDoFilter(ApplicationFilterChain.java:241)
	at org.apache.catalina.core.ApplicationFilterChain.doFilter(ApplicationFilterChain.java:208)
	at org.apache.catalina.core.StandardWrapperValve.invoke(StandardWrapperValve.java:220)
	at org.apache.catalina.core.StandardContextValve.invoke(StandardContextValve.java:122)
	at org.apache.catalina.authenticator.AuthenticatorBase.invoke(AuthenticatorBase.java:504)
	at org.apache.catalina.core.StandardHostValve.invoke(StandardHostValve.java:170)
	at org.apache.catalina.valves.ErrorReportValve.invoke(ErrorReportValve.java:103)
	at org.apache.catalina.valves.AccessLogValve.invoke(AccessLogValve.java:950)
	at org.apache.catalina.core.StandardEngineValve.invoke(StandardEngineValve.java:116)
	at org.apache.catalina.connector.CoyoteAdapter.service(CoyoteAdapter.java:421)
	at org.apache.coyote.http11.AbstractHttp11Processor.process(AbstractHttp11Processor.java:1074)
	at org.apache.coyote.AbstractProtocol$AbstractConnectionHandler.process(AbstractProtocol.java:611)
	at org.apache.tomcat.util.net.JIoEndpoint$SocketProcessor.run(JIoEndpoint.java:314)
	at java.util.concurrent.ThreadPoolExecutor.runWorker(Unknown Source)
	at java.util.concurrent.ThreadPoolExecutor$Worker.run(Unknown Source)
	at org.apache.tomcat.util.threads.TaskThread$WrappingRunnable.run(TaskThread.java:61)
	at java.lang.Thread.run(Unknown Source)

may 04, 2015 12:51:03 PM org.apache.catalina.core.StandardWrapperValve invoke
GRAVE: Servlet.service() para servlet AxisServlet lanzó excepción
java.lang.NullPointerException
	at org.apache.axis2.rpc.receivers.RPCMessageReceiver.invokeBusinessLogic(RPCMessageReceiver.java:181)
	at org.apache.axis2.receivers.AbstractInOutMessageReceiver.invokeBusinessLogic(AbstractInOutMessageReceiver.java:40)
	at org.apache.axis2.receivers.AbstractMessageReceiver.receive(AbstractMessageReceiver.java:114)
	at org.apache.axis2.engine.AxisEngine.receive(AxisEngine.java:181)
	at org.apache.axis2.transport.http.util.RESTUtil.invokeAxisEngine(RESTUtil.java:144)
	at org.apache.axis2.transport.http.util.RESTUtil.processURLRequest(RESTUtil.java:139)
	at org.apache.axis2.transport.http.AxisServlet$RestRequestProcessor.processURLRequest(AxisServlet.java:837)
	at org.apache.axis2.transport.http.AxisServlet.doGet(AxisServlet.java:273)
	at javax.servlet.http.HttpServlet.service(HttpServlet.java:620)
	at javax.servlet.http.HttpServlet.service(HttpServlet.java:727)
	at org.apache.catalina.core.ApplicationFilterChain.internalDoFilter(ApplicationFilterChain.java:303)
	at org.apache.catalina.core.ApplicationFilterChain.doFilter(ApplicationFilterChain.java:208)
	at org.apache.tomcat.websocket.server.WsFilter.doFilter(WsFilter.java:52)
	at org.apache.catalina.core.ApplicationFilterChain.internalDoFilter(ApplicationFilterChain.java:241)
	at org.apache.catalina.core.ApplicationFilterChain.doFilter(ApplicationFilterChain.java:208)
	at org.apache.catalina.core.StandardWrapperValve.invoke(StandardWrapperValve.java:220)
	at org.apache.catalina.core.StandardContextValve.invoke(StandardContextValve.java:122)
	at org.apache.catalina.authenticator.AuthenticatorBase.invoke(AuthenticatorBase.java:504)
	at org.apache.catalina.core.StandardHostValve.invoke(StandardHostValve.java:170)
	at org.apache.catalina.valves.ErrorReportValve.invoke(ErrorReportValve.java:103)
	at org.apache.catalina.valves.AccessLogValve.invoke(AccessLogValve.java:950)
	at org.apache.catalina.core.StandardEngineValve.invoke(StandardEngineValve.java:116)
	at org.apache.catalina.connector.CoyoteAdapter.service(CoyoteAdapter.java:421)
	at org.apache.coyote.http11.AbstractHttp11Processor.process(AbstractHttp11Processor.java:1074)
	at org.apache.coyote.AbstractProtocol$AbstractConnectionHandler.process(AbstractProtocol.java:611)
	at org.apache.tomcat.util.net.JIoEndpoint$SocketProcessor.run(JIoEndpoint.java:316)
	at java.util.concurrent.ThreadPoolExecutor.runWorker(Unknown Source)
	at java.util.concurrent.ThreadPoolExecutor$Worker.run(Unknown Source)
	at org.apache.tomcat.util.threads.TaskThread$WrappingRunnable.run(TaskThread.java:61)
	at java.lang.Thread.run(Unknown Source)

may 04, 2015 12:54:47 PM org.apache.catalina.core.StandardWrapperValve invoke
GRAVE: Servlet.service() para servlet AxisServlet lanzó excepción
java.lang.NullPointerException
	at org.apache.axis2.rpc.receivers.RPCMessageReceiver.invokeBusinessLogic(RPCMessageReceiver.java:181)
	at org.apache.axis2.receivers.AbstractInOutMessageReceiver.invokeBusinessLogic(AbstractInOutMessageReceiver.java:40)
	at org.apache.axis2.receivers.AbstractMessageReceiver.receive(AbstractMessageReceiver.java:114)
	at org.apache.axis2.engine.AxisEngine.receive(AxisEngine.java:181)
	at org.apache.axis2.transport.http.util.RESTUtil.invokeAxisEngine(RESTUtil.java:144)
	at org.apache.axis2.transport.http.util.RESTUtil.processURLRequest(RESTUtil.java:139)
	at org.apache.axis2.transport.http.AxisServlet$RestRequestProcessor.processURLRequest(AxisServlet.java:837)
	at org.apache.axis2.transport.http.AxisServlet.doGet(AxisServlet.java:273)
	at javax.servlet.http.HttpServlet.service(HttpServlet.java:620)
	at javax.servlet.http.HttpServlet.service(HttpServlet.java:727)
	at org.apache.catalina.core.ApplicationFilterChain.internalDoFilter(ApplicationFilterChain.java:303)
	at org.apache.catalina.core.ApplicationFilterChain.doFilter(ApplicationFilterChain.java:208)
	at org.apache.tomcat.websocket.server.WsFilter.doFilter(WsFilter.java:52)
	at org.apache.catalina.core.ApplicationFilterChain.internalDoFilter(ApplicationFilterChain.java:241)
	at org.apache.catalina.core.ApplicationFilterChain.doFilter(ApplicationFilterChain.java:208)
	at org.apache.catalina.core.StandardWrapperValve.invoke(StandardWrapperValve.java:220)
	at org.apache.catalina.core.StandardContextValve.invoke(StandardContextValve.java:122)
	at org.apache.catalina.authenticator.AuthenticatorBase.invoke(AuthenticatorBase.java:504)
	at org.apache.catalina.core.StandardHostValve.invoke(StandardHostValve.java:170)
	at org.apache.catalina.valves.ErrorReportValve.invoke(ErrorReportValve.java:103)
	at org.apache.catalina.valves.AccessLogValve.invoke(AccessLogValve.java:950)
	at org.apache.catalina.core.StandardEngineValve.invoke(StandardEngineValve.java:116)
	at org.apache.catalina.connector.CoyoteAdapter.service(CoyoteAdapter.java:421)
	at org.apache.coyote.http11.AbstractHttp11Processor.process(AbstractHttp11Processor.java:1074)
	at org.apache.coyote.AbstractProtocol$AbstractConnectionHandler.process(AbstractProtocol.java:611)
	at org.apache.tomcat.util.net.JIoEndpoint$SocketProcessor.run(JIoEndpoint.java:314)
	at java.util.concurrent.ThreadPoolExecutor.runWorker(Unknown Source)
	at java.util.concurrent.ThreadPoolExecutor$Worker.run(Unknown Source)
	at org.apache.tomcat.util.threads.TaskThread$WrappingRunnable.run(TaskThread.java:61)
	at java.lang.Thread.run(Unknown Source)

may 04, 2015 1:50:59 PM org.apache.catalina.core.ApplicationContext log
INFORMACIÓN: ContextListener: contextInitialized()
may 04, 2015 1:50:59 PM org.apache.catalina.core.ApplicationContext log
INFORMACIÓN: SessionListener: contextInitialized()
may 04, 2015 1:51:00 PM org.apache.catalina.core.ApplicationContext log
INFORMACIÓN: ContextListener: attributeAdded('org.apache.jasper.compiler.TldLocationsCache', 'org.apache.jasper.compiler.TldLocationsCache@538f1db2')
may 04, 2015 7:02:45 PM org.apache.catalina.core.ApplicationContext log
INFORMACIÓN: ContextListener: contextInitialized()
may 04, 2015 7:02:45 PM org.apache.catalina.core.ApplicationContext log
INFORMACIÓN: SessionListener: contextInitialized()
may 04, 2015 7:02:45 PM org.apache.catalina.core.ApplicationContext log
INFORMACIÓN: ContextListener: attributeAdded('org.apache.jasper.compiler.TldLocationsCache', 'org.apache.jasper.compiler.TldLocationsCache@13b615ae')
may 04, 2015 7:02:58 PM org.apache.catalina.core.StandardWrapperValve invoke
GRAVE: Servlet.service() para servlet AxisServlet lanzó excepción
java.lang.NullPointerException
	at org.apache.axis2.rpc.receivers.RPCMessageReceiver.invokeBusinessLogic(RPCMessageReceiver.java:181)
	at org.apache.axis2.receivers.AbstractInOutMessageReceiver.invokeBusinessLogic(AbstractInOutMessageReceiver.java:40)
	at org.apache.axis2.receivers.AbstractMessageReceiver.receive(AbstractMessageReceiver.java:114)
	at org.apache.axis2.engine.AxisEngine.receive(AxisEngine.java:181)
	at org.apache.axis2.transport.http.util.RESTUtil.invokeAxisEngine(RESTUtil.java:144)
	at org.apache.axis2.transport.http.util.RESTUtil.processURLRequest(RESTUtil.java:139)
	at org.apache.axis2.transport.http.AxisServlet$RestRequestProcessor.processURLRequest(AxisServlet.java:837)
	at org.apache.axis2.transport.http.AxisServlet.doGet(AxisServlet.java:273)
	at javax.servlet.http.HttpServlet.service(HttpServlet.java:620)
	at javax.servlet.http.HttpServlet.service(HttpServlet.java:727)
	at org.apache.catalina.core.ApplicationFilterChain.internalDoFilter(ApplicationFilterChain.java:303)
	at org.apache.catalina.core.ApplicationFilterChain.doFilter(ApplicationFilterChain.java:208)
	at org.apache.tomcat.websocket.server.WsFilter.doFilter(WsFilter.java:52)
	at org.apache.catalina.core.ApplicationFilterChain.internalDoFilter(ApplicationFilterChain.java:241)
	at org.apache.catalina.core.ApplicationFilterChain.doFilter(ApplicationFilterChain.java:208)
	at org.apache.catalina.core.StandardWrapperValve.invoke(StandardWrapperValve.java:220)
	at org.apache.catalina.core.StandardContextValve.invoke(StandardContextValve.java:122)
	at org.apache.catalina.authenticator.AuthenticatorBase.invoke(AuthenticatorBase.java:504)
	at org.apache.catalina.core.StandardHostValve.invoke(StandardHostValve.java:170)
	at org.apache.catalina.valves.ErrorReportValve.invoke(ErrorReportValve.java:103)
	at org.apache.catalina.valves.AccessLogValve.invoke(AccessLogValve.java:950)
	at org.apache.catalina.core.StandardEngineValve.invoke(StandardEngineValve.java:116)
	at org.apache.catalina.connector.CoyoteAdapter.service(CoyoteAdapter.java:421)
	at org.apache.coyote.http11.AbstractHttp11Processor.process(AbstractHttp11Processor.java:1074)
	at org.apache.coyote.AbstractProtocol$AbstractConnectionHandler.process(AbstractProtocol.java:611)
	at org.apache.tomcat.util.net.JIoEndpoint$SocketProcessor.run(JIoEndpoint.java:314)
	at java.util.concurrent.ThreadPoolExecutor.runWorker(Unknown Source)
	at java.util.concurrent.ThreadPoolExecutor$Worker.run(Unknown Source)
	at org.apache.tomcat.util.threads.TaskThread$WrappingRunnable.run(TaskThread.java:61)
	at java.lang.Thread.run(Unknown Source)

may 04, 2015 11:20:56 PM org.apache.catalina.core.ApplicationContext log
INFORMACIÓN: ContextListener: contextInitialized()
may 04, 2015 11:20:56 PM org.apache.catalina.core.ApplicationContext log
INFORMACIÓN: SessionListener: contextInitialized()
may 04, 2015 11:20:56 PM org.apache.catalina.core.ApplicationContext log
INFORMACIÓN: ContextListener: attributeAdded('org.apache.jasper.compiler.TldLocationsCache', 'org.apache.jasper.compiler.TldLocationsCache@3d2b47b9')
may 04, 2015 11:33:16 PM org.apache.catalina.core.ApplicationContext log
INFORMACIÓN: ContextListener: contextInitialized()
may 04, 2015 11:33:16 PM org.apache.catalina.core.ApplicationContext log
INFORMACIÓN: SessionListener: contextInitialized()
may 04, 2015 11:33:16 PM org.apache.catalina.core.ApplicationContext log
INFORMACIÓN: ContextListener: attributeAdded('org.apache.jasper.compiler.TldLocationsCache', 'org.apache.jasper.compiler.TldLocationsCache@30dbd621')
may 04, 2015 11:42:01 PM org.apache.catalina.core.ApplicationContext log
INFORMACIÓN: ContextListener: contextInitialized()
may 04, 2015 11:42:01 PM org.apache.catalina.core.ApplicationContext log
INFORMACIÓN: SessionListener: contextInitialized()
may 04, 2015 11:42:01 PM org.apache.catalina.core.ApplicationContext log
INFORMACIÓN: ContextListener: attributeAdded('org.apache.jasper.compiler.TldLocationsCache', 'org.apache.jasper.compiler.TldLocationsCache@36663554')
may 04, 2015 11:45:10 PM org.apache.catalina.core.ApplicationContext log
INFORMACIÓN: SessionListener: contextDestroyed()
may 04, 2015 11:45:10 PM org.apache.catalina.core.ApplicationContext log
INFORMACIÓN: ContextListener: contextDestroyed()
may 04, 2015 11:45:31 PM org.apache.catalina.core.ApplicationContext log
INFORMACIÓN: ContextListener: contextInitialized()
may 04, 2015 11:45:31 PM org.apache.catalina.core.ApplicationContext log
INFORMACIÓN: SessionListener: contextInitialized()
may 04, 2015 11:45:31 PM org.apache.catalina.core.ApplicationContext log
INFORMACIÓN: ContextListener: attributeAdded('org.apache.jasper.compiler.TldLocationsCache', 'org.apache.jasper.compiler.TldLocationsCache@1d0d33ea')
may 04, 2015 11:57:59 PM org.apache.catalina.core.ApplicationContext log
INFORMACIÓN: SessionListener: contextDestroyed()
may 04, 2015 11:57:59 PM org.apache.catalina.core.ApplicationContext log
INFORMACIÓN: ContextListener: contextDestroyed()
may 04, 2015 11:58:24 PM org.apache.catalina.core.ApplicationContext log
INFORMACIÓN: ContextListener: contextInitialized()
may 04, 2015 11:58:24 PM org.apache.catalina.core.ApplicationContext log
INFORMACIÓN: SessionListener: contextInitialized()
may 04, 2015 11:58:24 PM org.apache.catalina.core.ApplicationContext log
INFORMACIÓN: ContextListener: attributeAdded('org.apache.jasper.compiler.TldLocationsCache', 'org.apache.jasper.compiler.TldLocationsCache@51654503')
