abr 02, 2015 11:23:16 PM org.apache.catalina.core.ApplicationContext log
INFORMACIÓN: ContextListener: contextInitialized()
abr 02, 2015 11:23:16 PM org.apache.catalina.core.ApplicationContext log
INFORMACIÓN: SessionListener: contextInitialized()
abr 02, 2015 11:23:16 PM org.apache.catalina.core.ApplicationContext log
INFORMACIÓN: ContextListener: attributeAdded('org.apache.jasper.compiler.TldLocationsCache', 'org.apache.jasper.compiler.TldLocationsCache@5f659313')
abr 02, 2015 11:25:11 PM org.apache.catalina.core.StandardWrapperValve invoke
GRAVE: Servlet.service() para servlet AxisServlet lanzó excepción
org.apache.axis2.AxisFault: java.net.SocketException: Software caused connection abort: socket write error
	at org.apache.axis2.AxisFault.makeFault(AxisFault.java:430)
	at org.apache.axis2.description.AxisService.getWSDL(AxisService.java:1653)
	at org.apache.axis2.description.AxisService.printWSDL(AxisService.java:1413)
	at org.apache.axis2.transport.http.ListingAgent.handleWSDLRequest(ListingAgent.java:327)
	at org.apache.axis2.transport.http.ListingAgent.processListService(ListingAgent.java:183)
	at org.apache.axis2.transport.http.AxisServlet.doGet(AxisServlet.java:260)
	at javax.servlet.http.HttpServlet.service(HttpServlet.java:620)
	at javax.servlet.http.HttpServlet.service(HttpServlet.java:727)
	at org.apache.catalina.core.ApplicationFilterChain.internalDoFilter(ApplicationFilterChain.java:303)
	at org.apache.catalina.core.ApplicationFilterChain.doFilter(ApplicationFilterChain.java:208)
	at org.apache.tomcat.websocket.server.WsFilter.doFilter(WsFilter.java:52)
	at org.apache.catalina.core.ApplicationFilterChain.internalDoFilter(ApplicationFilterChain.java:241)
	at org.apache.catalina.core.ApplicationFilterChain.doFilter(ApplicationFilterChain.java:208)
	at org.apache.catalina.core.StandardWrapperValve.invoke(StandardWrapperValve.java:220)
	at org.apache.catalina.core.StandardContextValve.invoke(StandardContextValve.java:122)
	at org.apache.catalina.authenticator.AuthenticatorBase.invoke(AuthenticatorBase.java:504)
	at org.apache.catalina.core.StandardHostValve.invoke(StandardHostValve.java:170)
	at org.apache.catalina.valves.ErrorReportValve.invoke(ErrorReportValve.java:103)
	at org.apache.catalina.valves.AccessLogValve.invoke(AccessLogValve.java:950)
	at org.apache.catalina.core.StandardEngineValve.invoke(StandardEngineValve.java:116)
	at org.apache.catalina.connector.CoyoteAdapter.service(CoyoteAdapter.java:421)
	at org.apache.coyote.http11.AbstractHttp11Processor.process(AbstractHttp11Processor.java:1074)
	at org.apache.coyote.AbstractProtocol$AbstractConnectionHandler.process(AbstractProtocol.java:611)
	at org.apache.tomcat.util.net.JIoEndpoint$SocketProcessor.run(JIoEndpoint.java:316)
	at java.util.concurrent.ThreadPoolExecutor.runWorker(Unknown Source)
	at java.util.concurrent.ThreadPoolExecutor$Worker.run(Unknown Source)
	at org.apache.tomcat.util.threads.TaskThread$WrappingRunnable.run(TaskThread.java:61)
	at java.lang.Thread.run(Unknown Source)
Caused by: org.apache.catalina.connector.ClientAbortException: java.net.SocketException: Software caused connection abort: socket write error
	at org.apache.catalina.connector.OutputBuffer.doFlush(OutputBuffer.java:367)
	at org.apache.catalina.connector.OutputBuffer.flush(OutputBuffer.java:331)
	at org.apache.catalina.connector.CoyoteOutputStream.flush(CoyoteOutputStream.java:101)
	at org.apache.axis2.description.AxisService.getWSDL(AxisService.java:1651)
	... 26 more
Caused by: java.net.SocketException: Software caused connection abort: socket write error
	at java.net.SocketOutputStream.socketWrite0(Native Method)
	at java.net.SocketOutputStream.socketWrite(Unknown Source)
	at java.net.SocketOutputStream.write(Unknown Source)
	at org.apache.coyote.http11.InternalOutputBuffer.realWriteBytes(InternalOutputBuffer.java:215)
	at org.apache.tomcat.util.buf.ByteChunk.flushBuffer(ByteChunk.java:480)
	at org.apache.coyote.http11.InternalOutputBuffer.flush(InternalOutputBuffer.java:119)
	at org.apache.coyote.http11.AbstractHttp11Processor.action(AbstractHttp11Processor.java:800)
	at org.apache.coyote.Response.action(Response.java:172)
	at org.apache.catalina.connector.OutputBuffer.doFlush(OutputBuffer.java:363)
	... 29 more

